2026-04-10 15:55:44.747 INFO  [restartedMain] c.e.p.ProductServiceApplication - Starting ProductServiceApplication using Java 21.0.10 with PID 7075 (/Users/nikitasuryawanshi/Projects/Order and Inventory Management System/Ecommerce/Ecom_Backend/product-service/target/classes started by nikitasuryawanshi in /Users/nikitasuryawanshi/Projects/Order and Inventory Management System/Ecommerce/Ecom_Backend/product-service)
2026-04-10 15:55:44.749 INFO  [restartedMain] c.e.p.ProductServiceApplication - No active profile set, falling back to 1 default profile: "default"
2026-04-10 15:55:44.762 INFO  [restartedMain] o.s.b.d.e.DevToolsPropertyDefaultsPostProcessor - Devtools property defaults active! Set 'spring.devtools.add-properties' to 'false' to disable
2026-04-10 15:55:44.762 INFO  [restartedMain] o.s.b.d.e.DevToolsPropertyDefaultsPostProcessor - For additional web related logging consider setting the 'logging.level.web' property to 'DEBUG'
2026-04-10 15:55:44.877 INFO  [background-preinit] o.h.validator.internal.util.Version - HV000001: Hibernate Validator 9.0.1.Final
2026-04-10 15:55:45.025 INFO  [restartedMain] o.s.d.r.c.RepositoryConfigurationDelegate - Bootstrapping Spring Data JPA repositories in DEFAULT mode.
2026-04-10 15:55:45.043 INFO  [restartedMain] o.s.d.r.c.RepositoryConfigurationDelegate - Finished Spring Data repository scanning in 14 ms. Found 3 JPA repository interfaces.
2026-04-10 15:55:45.195 INFO  [restartedMain] o.s.boot.tomcat.TomcatWebServer - Tomcat initialized with port 4000 (http)
2026-04-10 15:55:45.199 INFO  [restartedMain] o.apache.coyote.http11.Http11NioProtocol - Initializing ProtocolHandler ["http-nio-4000"]
2026-04-10 15:55:45.200 INFO  [restartedMain] o.apache.catalina.core.StandardService - Starting service [Tomcat]
2026-04-10 15:55:45.200 INFO  [restartedMain] org.apache.catalina.core.StandardEngine - Starting Servlet engine: [Apache Tomcat/11.0.18]
2026-04-10 15:55:45.212 INFO  [restartedMain] o.s.b.w.c.s.WebApplicationContextInitializer - Root WebApplicationContext: initialization completed in 449 ms
2026-04-10 15:55:45.273 INFO  [restartedMain] org.hibernate.orm.jpa - HHH008540: Processing PersistenceUnitInfo [name: default]
2026-04-10 15:55:45.300 INFO  [restartedMain] org.hibernate.orm.core - HHH000001: Hibernate ORM core version 7.2.7.Final
2026-04-10 15:55:45.449 INFO  [restartedMain] o.s.o.j.p.SpringPersistenceUnitInfo - No LoadTimeWeaver setup: ignoring JPA class transformer
2026-04-10 15:55:45.463 INFO  [restartedMain] com.zaxxer.hikari.HikariDataSource - HikariPool-1 - Starting...
2026-04-10 15:55:45.543 INFO  [restartedMain] com.zaxxer.hikari.pool.HikariPool - HikariPool-1 - Added connection org.postgresql.jdbc.PgConnection@319b3556
2026-04-10 15:55:45.544 INFO  [restartedMain] com.zaxxer.hikari.HikariDataSource - HikariPool-1 - Start completed.
2026-04-10 15:55:45.584 INFO  [restartedMain] org.hibernate.orm.connections.pooling - HHH10001005: Database info:
	Database JDBC URL [jdbc:postgresql://localhost:5432/e-commerce]
	Database driver: PostgreSQL JDBC Driver
	Database dialect: PostgreSQLDialect
	Database version: 17.5
	Default catalog/schema: e-commerce/public
	Autocommit mode: undefined/unknown
	Isolation level: READ_COMMITTED [default READ_COMMITTED]
	JDBC fetch size: none
	Pool: DataSourceConnectionProvider
	Minimum pool size: undefined/unknown
	Maximum pool size: undefined/unknown
2026-04-10 15:55:45.693 INFO  [restartedMain] com.zaxxer.hikari.HikariDataSource - HikariPool-1 - Shutdown initiated...
2026-04-10 15:55:45.696 INFO  [restartedMain] com.zaxxer.hikari.HikariDataSource - HikariPool-1 - Shutdown completed.
2026-04-10 15:55:45.697 INFO  [restartedMain] o.apache.catalina.core.StandardService - Stopping service [Tomcat]
2026-04-10 15:55:45.701 INFO  [restartedMain] o.s.b.a.l.ConditionEvaluationReportLogger - 

Error starting ApplicationContext. To display the condition evaluation report re-run your application with 'debug' enabled.
2026-04-10 16:50:27.027 INFO  [restartedMain] c.e.p.ProductServiceApplication - Starting ProductServiceApplication using Java 21.0.10 with PID 7342 (/Users/nikitasuryawanshi/Projects/Order and Inventory Management System/Ecommerce/Ecom_Backend/product-service/target/classes started by nikitasuryawanshi in /Users/nikitasuryawanshi/Projects/Order and Inventory Management System/Ecommerce/Ecom_Backend/product-service)
2026-04-10 16:50:27.029 INFO  [restartedMain] c.e.p.ProductServiceApplication - No active profile set, falling back to 1 default profile: "default"
2026-04-10 16:50:27.043 INFO  [restartedMain] o.s.b.d.e.DevToolsPropertyDefaultsPostProcessor - Devtools property defaults active! Set 'spring.devtools.add-properties' to 'false' to disable
2026-04-10 16:50:27.044 INFO  [restartedMain] o.s.b.d.e.DevToolsPropertyDefaultsPostProcessor - For additional web related logging consider setting the 'logging.level.web' property to 'DEBUG'
2026-04-10 16:50:27.146 INFO  [background-preinit] o.h.validator.internal.util.Version - HV000001: Hibernate Validator 9.0.1.Final
2026-04-10 16:50:27.297 INFO  [restartedMain] o.s.d.r.c.RepositoryConfigurationDelegate - Bootstrapping Spring Data JPA repositories in DEFAULT mode.
2026-04-10 16:50:27.316 INFO  [restartedMain] o.s.d.r.c.RepositoryConfigurationDelegate - Finished Spring Data repository scanning in 15 ms. Found 3 JPA repository interfaces.
2026-04-10 16:50:27.459 INFO  [restartedMain] o.s.boot.tomcat.TomcatWebServer - Tomcat initialized with port 4000 (http)
2026-04-10 16:50:27.463 INFO  [restartedMain] o.apache.coyote.http11.Http11NioProtocol - Initializing ProtocolHandler ["http-nio-4000"]
2026-04-10 16:50:27.464 INFO  [restartedMain] o.apache.catalina.core.StandardService - Starting service [Tomcat]
2026-04-10 16:50:27.464 INFO  [restartedMain] org.apache.catalina.core.StandardEngine - Starting Servlet engine: [Apache Tomcat/11.0.18]
2026-04-10 16:50:27.476 INFO  [restartedMain] o.s.b.w.c.s.WebApplicationContextInitializer - Root WebApplicationContext: initialization completed in 432 ms
2026-04-10 16:50:27.536 INFO  [restartedMain] org.hibernate.orm.jpa - HHH008540: Processing PersistenceUnitInfo [name: default]
2026-04-10 16:50:27.559 INFO  [restartedMain] org.hibernate.orm.core - HHH000001: Hibernate ORM core version 7.2.7.Final
2026-04-10 16:50:27.704 INFO  [restartedMain] o.s.o.j.p.SpringPersistenceUnitInfo - No LoadTimeWeaver setup: ignoring JPA class transformer
2026-04-10 16:50:27.714 INFO  [restartedMain] com.zaxxer.hikari.HikariDataSource - HikariPool-1 - Starting...
2026-04-10 16:50:27.765 INFO  [restartedMain] com.zaxxer.hikari.pool.HikariPool - HikariPool-1 - Added connection org.postgresql.jdbc.PgConnection@3ec3666c
2026-04-10 16:50:27.766 INFO  [restartedMain] com.zaxxer.hikari.HikariDataSource - HikariPool-1 - Start completed.
2026-04-10 16:50:27.786 INFO  [restartedMain] org.hibernate.orm.connections.pooling - HHH10001005: Database info:
	Database JDBC URL [jdbc:postgresql://localhost:5432/e-commerce]
	Database driver: PostgreSQL JDBC Driver
	Database dialect: PostgreSQLDialect
	Database version: 17.5
	Default catalog/schema: e-commerce/public
	Autocommit mode: undefined/unknown
	Isolation level: READ_COMMITTED [default READ_COMMITTED]
	JDBC fetch size: none
	Pool: DataSourceConnectionProvider
	Minimum pool size: undefined/unknown
	Maximum pool size: undefined/unknown
2026-04-10 16:50:28.125 INFO  [restartedMain] org.hibernate.orm.core - HHH000489: No JTA platform available (set 'hibernate.transaction.jta.platform' to enable JTA platform integration)
2026-04-10 16:50:28.196 INFO  [restartedMain] o.s.o.j.LocalContainerEntityManagerFactoryBean - Initialized JPA EntityManagerFactory for persistence unit 'default'
2026-04-10 16:50:28.227 INFO  [restartedMain] o.s.d.j.r.query.QueryEnhancerFactories - Hibernate is in classpath; If applicable, HQL parser will be used.
2026-04-10 16:50:28.801 INFO  [restartedMain] o.s.o.j.LocalContainerEntityManagerFactoryBean - Closing JPA EntityManagerFactory for persistence unit 'default'
2026-04-10 16:50:28.802 INFO  [restartedMain] com.zaxxer.hikari.HikariDataSource - HikariPool-1 - Shutdown initiated...
2026-04-10 16:50:28.804 INFO  [restartedMain] com.zaxxer.hikari.HikariDataSource - HikariPool-1 - Shutdown completed.
2026-04-10 16:50:28.804 INFO  [restartedMain] o.apache.catalina.core.StandardService - Stopping service [Tomcat]
2026-04-10 16:50:28.807 INFO  [restartedMain] o.s.b.a.l.ConditionEvaluationReportLogger - 

Error starting ApplicationContext. To display the condition evaluation report re-run your application with 'debug' enabled.
2026-04-10 16:51:13.740 INFO  [restartedMain] c.e.p.ProductServiceApplication - Starting ProductServiceApplication using Java 21.0.10 with PID 7377 (/Users/nikitasuryawanshi/Projects/Order and Inventory Management System/Ecommerce/Ecom_Backend/product-service/target/classes started by nikitasuryawanshi in /Users/nikitasuryawanshi/Projects/Order and Inventory Management System/Ecommerce/Ecom_Backend/product-service)
2026-04-10 16:51:13.742 INFO  [restartedMain] c.e.p.ProductServiceApplication - No active profile set, falling back to 1 default profile: "default"
2026-04-10 16:51:13.758 INFO  [restartedMain] o.s.b.d.e.DevToolsPropertyDefaultsPostProcessor - Devtools property defaults active! Set 'spring.devtools.add-properties' to 'false' to disable
2026-04-10 16:51:13.758 INFO  [restartedMain] o.s.b.d.e.DevToolsPropertyDefaultsPostProcessor - For additional web related logging consider setting the 'logging.level.web' property to 'DEBUG'
2026-04-10 16:51:13.843 INFO  [background-preinit] o.h.validator.internal.util.Version - HV000001: Hibernate Validator 9.0.1.Final
2026-04-10 16:51:13.975 INFO  [restartedMain] o.s.d.r.c.RepositoryConfigurationDelegate - Bootstrapping Spring Data JPA repositories in DEFAULT mode.
2026-04-10 16:51:13.993 INFO  [restartedMain] o.s.d.r.c.RepositoryConfigurationDelegate - Finished Spring Data repository scanning in 14 ms. Found 3 JPA repository interfaces.
2026-04-10 16:51:14.128 INFO  [restartedMain] o.s.boot.tomcat.TomcatWebServer - Tomcat initialized with port 4000 (http)
2026-04-10 16:51:14.132 INFO  [restartedMain] o.apache.coyote.http11.Http11NioProtocol - Initializing ProtocolHandler ["http-nio-4000"]
2026-04-10 16:51:14.132 INFO  [restartedMain] o.apache.catalina.core.StandardService - Starting service [Tomcat]
2026-04-10 16:51:14.132 INFO  [restartedMain] org.apache.catalina.core.StandardEngine - Starting Servlet engine: [Apache Tomcat/11.0.18]
2026-04-10 16:51:14.143 INFO  [restartedMain] o.s.b.w.c.s.WebApplicationContextInitializer - Root WebApplicationContext: initialization completed in 384 ms
2026-04-10 16:51:14.189 INFO  [restartedMain] org.hibernate.orm.jpa - HHH008540: Processing PersistenceUnitInfo [name: default]
2026-04-10 16:51:14.206 INFO  [restartedMain] org.hibernate.orm.core - HHH000001: Hibernate ORM core version 7.2.7.Final
2026-04-10 16:51:14.343 INFO  [restartedMain] o.s.o.j.p.SpringPersistenceUnitInfo - No LoadTimeWeaver setup: ignoring JPA class transformer
2026-04-10 16:51:14.353 INFO  [restartedMain] com.zaxxer.hikari.HikariDataSource - HikariPool-1 - Starting...
2026-04-10 16:51:14.398 INFO  [restartedMain] com.zaxxer.hikari.pool.HikariPool - HikariPool-1 - Added connection org.postgresql.jdbc.PgConnection@2fe7ae07
2026-04-10 16:51:14.399 INFO  [restartedMain] com.zaxxer.hikari.HikariDataSource - HikariPool-1 - Start completed.
2026-04-10 16:51:14.418 INFO  [restartedMain] org.hibernate.orm.connections.pooling - HHH10001005: Database info:
	Database JDBC URL [jdbc:postgresql://localhost:5432/e-commerce]
	Database driver: PostgreSQL JDBC Driver
	Database dialect: PostgreSQLDialect
	Database version: 17.5
	Default catalog/schema: e-commerce/public
	Autocommit mode: undefined/unknown
	Isolation level: READ_COMMITTED [default READ_COMMITTED]
	JDBC fetch size: none
	Pool: DataSourceConnectionProvider
	Minimum pool size: undefined/unknown
	Maximum pool size: undefined/unknown
2026-04-10 16:51:14.726 INFO  [restartedMain] org.hibernate.orm.core - HHH000489: No JTA platform available (set 'hibernate.transaction.jta.platform' to enable JTA platform integration)
2026-04-10 16:51:14.770 INFO  [restartedMain] o.s.o.j.LocalContainerEntityManagerFactoryBean - Initialized JPA EntityManagerFactory for persistence unit 'default'
2026-04-10 16:51:14.797 INFO  [restartedMain] o.s.d.j.r.query.QueryEnhancerFactories - Hibernate is in classpath; If applicable, HQL parser will be used.
2026-04-10 16:51:15.325 INFO  [restartedMain] o.s.o.j.LocalContainerEntityManagerFactoryBean - Closing JPA EntityManagerFactory for persistence unit 'default'
2026-04-10 16:51:15.326 INFO  [restartedMain] com.zaxxer.hikari.HikariDataSource - HikariPool-1 - Shutdown initiated...
2026-04-10 16:51:15.327 INFO  [restartedMain] com.zaxxer.hikari.HikariDataSource - HikariPool-1 - Shutdown completed.
2026-04-10 16:51:15.328 INFO  [restartedMain] o.apache.catalina.core.StandardService - Stopping service [Tomcat]
2026-04-10 16:51:15.331 INFO  [restartedMain] o.s.b.a.l.ConditionEvaluationReportLogger - 

Error starting ApplicationContext. To display the condition evaluation report re-run your application with 'debug' enabled.
2026-04-10 16:54:17.023 INFO  [restartedMain] c.e.p.ProductServiceApplication - Starting ProductServiceApplication using Java 21.0.10 with PID 7439 (/Users/nikitasuryawanshi/Projects/Order and Inventory Management System/Ecommerce/Ecom_Backend/product-service/target/classes started by nikitasuryawanshi in /Users/nikitasuryawanshi/Projects/Order and Inventory Management System/Ecommerce/Ecom_Backend/product-service)
2026-04-10 16:54:17.024 INFO  [restartedMain] c.e.p.ProductServiceApplication - No active profile set, falling back to 1 default profile: "default"
2026-04-10 16:54:17.040 INFO  [restartedMain] o.s.b.d.e.DevToolsPropertyDefaultsPostProcessor - Devtools property defaults active! Set 'spring.devtools.add-properties' to 'false' to disable
2026-04-10 16:54:17.040 INFO  [restartedMain] o.s.b.d.e.DevToolsPropertyDefaultsPostProcessor - For additional web related logging consider setting the 'logging.level.web' property to 'DEBUG'
2026-04-10 16:54:17.147 INFO  [background-preinit] o.h.validator.internal.util.Version - HV000001: Hibernate Validator 9.0.1.Final
2026-04-10 16:54:17.300 INFO  [restartedMain] o.s.d.r.c.RepositoryConfigurationDelegate - Bootstrapping Spring Data JPA repositories in DEFAULT mode.
2026-04-10 16:54:17.318 INFO  [restartedMain] o.s.d.r.c.RepositoryConfigurationDelegate - Finished Spring Data repository scanning in 15 ms. Found 3 JPA repository interfaces.
2026-04-10 16:54:17.460 INFO  [restartedMain] o.s.boot.tomcat.TomcatWebServer - Tomcat initialized with port 4000 (http)
2026-04-10 16:54:17.464 INFO  [restartedMain] o.apache.coyote.http11.Http11NioProtocol - Initializing ProtocolHandler ["http-nio-4000"]
2026-04-10 16:54:17.464 INFO  [restartedMain] o.apache.catalina.core.StandardService - Starting service [Tomcat]
2026-04-10 16:54:17.464 INFO  [restartedMain] org.apache.catalina.core.StandardEngine - Starting Servlet engine: [Apache Tomcat/11.0.18]
2026-04-10 16:54:17.476 INFO  [restartedMain] o.s.b.w.c.s.WebApplicationContextInitializer - Root WebApplicationContext: initialization completed in 435 ms
2026-04-10 16:54:17.530 INFO  [restartedMain] org.hibernate.orm.jpa - HHH008540: Processing PersistenceUnitInfo [name: default]
2026-04-10 16:54:17.550 INFO  [restartedMain] org.hibernate.orm.core - HHH000001: Hibernate ORM core version 7.2.7.Final
2026-04-10 16:54:17.693 INFO  [restartedMain] o.s.o.j.p.SpringPersistenceUnitInfo - No LoadTimeWeaver setup: ignoring JPA class transformer
2026-04-10 16:54:17.704 INFO  [restartedMain] com.zaxxer.hikari.HikariDataSource - HikariPool-1 - Starting...
2026-04-10 16:54:17.755 INFO  [restartedMain] com.zaxxer.hikari.pool.HikariPool - HikariPool-1 - Added connection org.postgresql.jdbc.PgConnection@7aa4b622
2026-04-10 16:54:17.755 INFO  [restartedMain] com.zaxxer.hikari.HikariDataSource - HikariPool-1 - Start completed.
2026-04-10 16:54:17.775 INFO  [restartedMain] org.hibernate.orm.connections.pooling - HHH10001005: Database info:
	Database JDBC URL [jdbc:postgresql://localhost:5432/e-commerce]
	Database driver: PostgreSQL JDBC Driver
	Database dialect: PostgreSQLDialect
	Database version: 17.5
	Default catalog/schema: e-commerce/public
	Autocommit mode: undefined/unknown
	Isolation level: READ_COMMITTED [default READ_COMMITTED]
	JDBC fetch size: none
	Pool: DataSourceConnectionProvider
	Minimum pool size: undefined/unknown
	Maximum pool size: undefined/unknown
2026-04-10 16:54:18.110 INFO  [restartedMain] org.hibernate.orm.core - HHH000489: No JTA platform available (set 'hibernate.transaction.jta.platform' to enable JTA platform integration)
2026-04-10 16:54:18.152 INFO  [restartedMain] o.s.o.j.LocalContainerEntityManagerFactoryBean - Initialized JPA EntityManagerFactory for persistence unit 'default'
2026-04-10 16:54:18.183 INFO  [restartedMain] o.s.d.j.r.query.QueryEnhancerFactories - Hibernate is in classpath; If applicable, HQL parser will be used.
2026-04-10 16:54:18.718 INFO  [restartedMain] o.s.o.j.LocalContainerEntityManagerFactoryBean - Closing JPA EntityManagerFactory for persistence unit 'default'
2026-04-10 16:54:18.719 INFO  [restartedMain] com.zaxxer.hikari.HikariDataSource - HikariPool-1 - Shutdown initiated...
2026-04-10 16:54:18.720 INFO  [restartedMain] com.zaxxer.hikari.HikariDataSource - HikariPool-1 - Shutdown completed.
2026-04-10 16:54:18.721 INFO  [restartedMain] o.apache.catalina.core.StandardService - Stopping service [Tomcat]
2026-04-10 16:54:18.724 INFO  [restartedMain] o.s.b.a.l.ConditionEvaluationReportLogger - 

Error starting ApplicationContext. To display the condition evaluation report re-run your application with 'debug' enabled.
2026-04-10 16:54:33.160 INFO  [restartedMain] c.e.p.ProductServiceApplication - Starting ProductServiceApplication using Java 21.0.10 with PID 7463 (/Users/nikitasuryawanshi/Projects/Order and Inventory Management System/Ecommerce/Ecom_Backend/product-service/target/classes started by nikitasuryawanshi in /Users/nikitasuryawanshi/Projects/Order and Inventory Management System/Ecommerce/Ecom_Backend/product-service)
2026-04-10 16:54:33.161 INFO  [restartedMain] c.e.p.ProductServiceApplication - No active profile set, falling back to 1 default profile: "default"
2026-04-10 16:54:33.182 INFO  [restartedMain] o.s.b.d.e.DevToolsPropertyDefaultsPostProcessor - Devtools property defaults active! Set 'spring.devtools.add-properties' to 'false' to disable
2026-04-10 16:54:33.182 INFO  [restartedMain] o.s.b.d.e.DevToolsPropertyDefaultsPostProcessor - For additional web related logging consider setting the 'logging.level.web' property to 'DEBUG'
2026-04-10 16:54:33.269 INFO  [background-preinit] o.h.validator.internal.util.Version - HV000001: Hibernate Validator 9.0.1.Final
2026-04-10 16:54:33.401 INFO  [restartedMain] o.s.d.r.c.RepositoryConfigurationDelegate - Bootstrapping Spring Data JPA repositories in DEFAULT mode.
2026-04-10 16:54:33.419 INFO  [restartedMain] o.s.d.r.c.RepositoryConfigurationDelegate - Finished Spring Data repository scanning in 15 ms. Found 3 JPA repository interfaces.
2026-04-10 16:54:33.549 INFO  [restartedMain] o.s.boot.tomcat.TomcatWebServer - Tomcat initialized with port 4000 (http)
2026-04-10 16:54:33.552 INFO  [restartedMain] o.apache.coyote.http11.Http11NioProtocol - Initializing ProtocolHandler ["http-nio-4000"]
2026-04-10 16:54:33.553 INFO  [restartedMain] o.apache.catalina.core.StandardService - Starting service [Tomcat]
2026-04-10 16:54:33.553 INFO  [restartedMain] org.apache.catalina.core.StandardEngine - Starting Servlet engine: [Apache Tomcat/11.0.18]
2026-04-10 16:54:33.563 INFO  [restartedMain] o.s.b.w.c.s.WebApplicationContextInitializer - Root WebApplicationContext: initialization completed in 380 ms
2026-04-10 16:54:33.607 INFO  [restartedMain] org.hibernate.orm.jpa - HHH008540: Processing PersistenceUnitInfo [name: default]
2026-04-10 16:54:33.623 INFO  [restartedMain] org.hibernate.orm.core - HHH000001: Hibernate ORM core version 7.2.7.Final
2026-04-10 16:54:33.756 INFO  [restartedMain] o.s.o.j.p.SpringPersistenceUnitInfo - No LoadTimeWeaver setup: ignoring JPA class transformer
2026-04-10 16:54:33.765 INFO  [restartedMain] com.zaxxer.hikari.HikariDataSource - HikariPool-1 - Starting...
2026-04-10 16:54:33.810 INFO  [restartedMain] com.zaxxer.hikari.pool.HikariPool - HikariPool-1 - Added connection org.postgresql.jdbc.PgConnection@68c0fb84
2026-04-10 16:54:33.811 INFO  [restartedMain] com.zaxxer.hikari.HikariDataSource - HikariPool-1 - Start completed.
2026-04-10 16:54:33.829 INFO  [restartedMain] org.hibernate.orm.connections.pooling - HHH10001005: Database info:
	Database JDBC URL [jdbc:postgresql://localhost:5432/e-commerce]
	Database driver: PostgreSQL JDBC Driver
	Database dialect: PostgreSQLDialect
	Database version: 17.5
	Default catalog/schema: e-commerce/public
	Autocommit mode: undefined/unknown
	Isolation level: READ_COMMITTED [default READ_COMMITTED]
	JDBC fetch size: none
	Pool: DataSourceConnectionProvider
	Minimum pool size: undefined/unknown
	Maximum pool size: undefined/unknown
2026-04-10 16:54:34.144 INFO  [restartedMain] org.hibernate.orm.core - HHH000489: No JTA platform available (set 'hibernate.transaction.jta.platform' to enable JTA platform integration)
2026-04-10 16:54:34.186 INFO  [restartedMain] o.s.o.j.LocalContainerEntityManagerFactoryBean - Initialized JPA EntityManagerFactory for persistence unit 'default'
2026-04-10 16:54:34.213 INFO  [restartedMain] o.s.d.j.r.query.QueryEnhancerFactories - Hibernate is in classpath; If applicable, HQL parser will be used.
2026-04-10 16:54:34.955 INFO  [restartedMain] o.apache.coyote.http11.Http11NioProtocol - Starting ProtocolHandler ["http-nio-4000"]
2026-04-10 16:54:34.962 INFO  [restartedMain] o.s.boot.tomcat.TomcatWebServer - Tomcat started on port 4000 (http) with context path '/'
2026-04-10 16:54:34.966 INFO  [restartedMain] c.e.p.ProductServiceApplication - Started ProductServiceApplication in 1.97 seconds (process running for 2.124)
2026-04-10 16:54:34.967 INFO  [restartedMain] o.s.b.b.a.JobLauncherApplicationRunner - Running default command line with: []
2026-04-10 16:54:52.059 INFO  [http-nio-4000-exec-2] o.a.c.c.C.[Tomcat].[localhost].[/] - Initializing Spring DispatcherServlet 'dispatcherServlet'
2026-04-10 16:54:52.059 INFO  [http-nio-4000-exec-2] o.s.web.servlet.DispatcherServlet - Initializing Servlet 'dispatcherServlet'
2026-04-10 16:54:52.060 INFO  [http-nio-4000-exec-2] o.s.web.servlet.DispatcherServlet - Completed initialization in 1 ms
2026-04-10 17:00:19.362 INFO  [SpringApplicationShutdownHook] o.s.boot.tomcat.GracefulShutdown - Commencing graceful shutdown. Waiting for active requests to complete
2026-04-10 17:00:19.365 INFO  [tomcat-shutdown] o.s.boot.tomcat.GracefulShutdown - Graceful shutdown complete
2026-04-10 17:00:19.367 INFO  [SpringApplicationShutdownHook] o.s.o.j.LocalContainerEntityManagerFactoryBean - Closing JPA EntityManagerFactory for persistence unit 'default'
2026-04-10 17:00:19.368 INFO  [SpringApplicationShutdownHook] com.zaxxer.hikari.HikariDataSource - HikariPool-1 - Shutdown initiated...
2026-04-10 17:00:19.369 INFO  [SpringApplicationShutdownHook] com.zaxxer.hikari.HikariDataSource - HikariPool-1 - Shutdown completed.
2026-04-10 17:00:20.965 INFO  [restartedMain] c.e.p.ProductServiceApplication - Starting ProductServiceApplication using Java 21.0.10 with PID 7545 (/Users/nikitasuryawanshi/Projects/Order and Inventory Management System/Ecommerce/Ecom_Backend/product-service/target/classes started by nikitasuryawanshi in /Users/nikitasuryawanshi/Projects/Order and Inventory Management System/Ecommerce/Ecom_Backend/product-service)
2026-04-10 17:00:20.966 INFO  [restartedMain] c.e.p.ProductServiceApplication - No active profile set, falling back to 1 default profile: "default"
2026-04-10 17:00:20.983 INFO  [restartedMain] o.s.b.d.e.DevToolsPropertyDefaultsPostProcessor - Devtools property defaults active! Set 'spring.devtools.add-properties' to 'false' to disable
2026-04-10 17:00:20.983 INFO  [restartedMain] o.s.b.d.e.DevToolsPropertyDefaultsPostProcessor - For additional web related logging consider setting the 'logging.level.web' property to 'DEBUG'
2026-04-10 17:00:21.077 INFO  [background-preinit] o.h.validator.internal.util.Version - HV000001: Hibernate Validator 9.0.1.Final
2026-04-10 17:00:21.222 INFO  [restartedMain] o.s.d.r.c.RepositoryConfigurationDelegate - Bootstrapping Spring Data JPA repositories in DEFAULT mode.
2026-04-10 17:00:21.240 INFO  [restartedMain] o.s.d.r.c.RepositoryConfigurationDelegate - Finished Spring Data repository scanning in 14 ms. Found 3 JPA repository interfaces.
2026-04-10 17:00:21.377 INFO  [restartedMain] o.s.boot.tomcat.TomcatWebServer - Tomcat initialized with port 4000 (http)
2026-04-10 17:00:21.380 INFO  [restartedMain] o.apache.coyote.http11.Http11NioProtocol - Initializing ProtocolHandler ["http-nio-4000"]
2026-04-10 17:00:21.381 INFO  [restartedMain] o.apache.catalina.core.StandardService - Starting service [Tomcat]
2026-04-10 17:00:21.381 INFO  [restartedMain] org.apache.catalina.core.StandardEngine - Starting Servlet engine: [Apache Tomcat/11.0.18]
2026-04-10 17:00:21.392 INFO  [restartedMain] o.s.b.w.c.s.WebApplicationContextInitializer - Root WebApplicationContext: initialization completed in 409 ms
2026-04-10 17:00:21.443 INFO  [restartedMain] org.hibernate.orm.jpa - HHH008540: Processing PersistenceUnitInfo [name: default]
2026-04-10 17:00:21.462 INFO  [restartedMain] org.hibernate.orm.core - HHH000001: Hibernate ORM core version 7.2.7.Final
2026-04-10 17:00:21.599 INFO  [restartedMain] o.s.o.j.p.SpringPersistenceUnitInfo - No LoadTimeWeaver setup: ignoring JPA class transformer
2026-04-10 17:00:21.609 INFO  [restartedMain] com.zaxxer.hikari.HikariDataSource - HikariPool-1 - Starting...
2026-04-10 17:00:21.658 INFO  [restartedMain] com.zaxxer.hikari.pool.HikariPool - HikariPool-1 - Added connection org.postgresql.jdbc.PgConnection@1c5be9bd
2026-04-10 17:00:21.658 INFO  [restartedMain] com.zaxxer.hikari.HikariDataSource - HikariPool-1 - Start completed.
2026-04-10 17:00:21.678 INFO  [restartedMain] org.hibernate.orm.connections.pooling - HHH10001005: Database info:
	Database JDBC URL [jdbc:postgresql://localhost:5432/e-commerce]
	Database driver: PostgreSQL JDBC Driver
	Database dialect: PostgreSQLDialect
	Database version: 17.5
	Default catalog/schema: e-commerce/public
	Autocommit mode: undefined/unknown
	Isolation level: READ_COMMITTED [default READ_COMMITTED]
	JDBC fetch size: none
	Pool: DataSourceConnectionProvider
	Minimum pool size: undefined/unknown
	Maximum pool size: undefined/unknown
2026-04-10 17:00:22.001 INFO  [restartedMain] org.hibernate.orm.core - HHH000489: No JTA platform available (set 'hibernate.transaction.jta.platform' to enable JTA platform integration)
2026-04-10 17:00:22.042 INFO  [restartedMain] o.s.o.j.LocalContainerEntityManagerFactoryBean - Initialized JPA EntityManagerFactory for persistence unit 'default'
2026-04-10 17:00:22.070 INFO  [restartedMain] o.s.d.j.r.query.QueryEnhancerFactories - Hibernate is in classpath; If applicable, HQL parser will be used.
2026-04-10 17:00:22.781 INFO  [restartedMain] o.apache.coyote.http11.Http11NioProtocol - Starting ProtocolHandler ["http-nio-4000"]
2026-04-10 17:00:22.788 INFO  [restartedMain] o.s.boot.tomcat.TomcatWebServer - Tomcat started on port 4000 (http) with context path '/'
2026-04-10 17:00:22.790 INFO  [restartedMain] c.e.p.ProductServiceApplication - Started ProductServiceApplication in 1.994 seconds (process running for 2.17)
2026-04-10 17:00:22.791 INFO  [restartedMain] o.s.b.b.a.JobLauncherApplicationRunner - Running default command line with: []
2026-04-10 17:00:27.734 INFO  [http-nio-4000-exec-2] o.a.c.c.C.[Tomcat].[localhost].[/] - Initializing Spring DispatcherServlet 'dispatcherServlet'
2026-04-10 17:00:27.735 INFO  [http-nio-4000-exec-2] o.s.web.servlet.DispatcherServlet - Initializing Servlet 'dispatcherServlet'
2026-04-10 17:00:27.736 INFO  [http-nio-4000-exec-2] o.s.web.servlet.DispatcherServlet - Completed initialization in 1 ms
2026-04-10 17:02:34.263 INFO  [SpringApplicationShutdownHook] o.s.boot.tomcat.GracefulShutdown - Commencing graceful shutdown. Waiting for active requests to complete
2026-04-10 17:02:34.266 INFO  [tomcat-shutdown] o.s.boot.tomcat.GracefulShutdown - Graceful shutdown complete
2026-04-10 17:02:34.268 INFO  [SpringApplicationShutdownHook] o.s.o.j.LocalContainerEntityManagerFactoryBean - Closing JPA EntityManagerFactory for persistence unit 'default'
2026-04-10 17:02:34.269 INFO  [SpringApplicationShutdownHook] com.zaxxer.hikari.HikariDataSource - HikariPool-1 - Shutdown initiated...
2026-04-10 17:02:34.270 INFO  [SpringApplicationShutdownHook] com.zaxxer.hikari.HikariDataSource - HikariPool-1 - Shutdown completed.
2026-04-10 21:42:07.213 INFO  [restartedMain] c.e.p.ProductServiceApplication - Starting ProductServiceApplication using Java 21.0.10 with PID 7986 (/Users/nikitasuryawanshi/Projects/Order and Inventory Management System/Ecommerce/Ecom_Backend/product-service/target/classes started by nikitasuryawanshi in /Users/nikitasuryawanshi/Projects/Order and Inventory Management System/Ecommerce/Ecom_Backend/product-service)
2026-04-10 21:42:07.214 INFO  [restartedMain] c.e.p.ProductServiceApplication - No active profile set, falling back to 1 default profile: "default"
2026-04-10 21:42:07.229 INFO  [restartedMain] o.s.b.d.e.DevToolsPropertyDefaultsPostProcessor - Devtools property defaults active! Set 'spring.devtools.add-properties' to 'false' to disable
2026-04-10 21:42:07.229 INFO  [restartedMain] o.s.b.d.e.DevToolsPropertyDefaultsPostProcessor - For additional web related logging consider setting the 'logging.level.web' property to 'DEBUG'
2026-04-10 21:42:07.351 INFO  [background-preinit] o.h.validator.internal.util.Version - HV000001: Hibernate Validator 9.0.1.Final
2026-04-10 21:42:07.481 INFO  [restartedMain] o.s.d.r.c.RepositoryConfigurationDelegate - Bootstrapping Spring Data JPA repositories in DEFAULT mode.
2026-04-10 21:42:07.498 INFO  [restartedMain] o.s.d.r.c.RepositoryConfigurationDelegate - Finished Spring Data repository scanning in 14 ms. Found 3 JPA repository interfaces.
2026-04-10 21:42:07.652 INFO  [restartedMain] o.s.boot.tomcat.TomcatWebServer - Tomcat initialized with port 4000 (http)
2026-04-10 21:42:07.657 INFO  [restartedMain] o.apache.coyote.http11.Http11NioProtocol - Initializing ProtocolHandler ["http-nio-4000"]
2026-04-10 21:42:07.658 INFO  [restartedMain] o.apache.catalina.core.StandardService - Starting service [Tomcat]
2026-04-10 21:42:07.658 INFO  [restartedMain] org.apache.catalina.core.StandardEngine - Starting Servlet engine: [Apache Tomcat/11.0.18]
2026-04-10 21:42:07.669 INFO  [restartedMain] o.s.b.w.c.s.WebApplicationContextInitializer - Root WebApplicationContext: initialization completed in 440 ms
2026-04-10 21:42:07.725 INFO  [restartedMain] org.hibernate.orm.jpa - HHH008540: Processing PersistenceUnitInfo [name: default]
2026-04-10 21:42:07.749 INFO  [restartedMain] org.hibernate.orm.core - HHH000001: Hibernate ORM core version 7.2.7.Final
2026-04-10 21:42:07.890 INFO  [restartedMain] o.s.o.j.p.SpringPersistenceUnitInfo - No LoadTimeWeaver setup: ignoring JPA class transformer
2026-04-10 21:42:07.904 INFO  [restartedMain] com.zaxxer.hikari.HikariDataSource - HikariPool-1 - Starting...
2026-04-10 21:42:07.964 INFO  [restartedMain] com.zaxxer.hikari.pool.HikariPool - HikariPool-1 - Added connection org.postgresql.jdbc.PgConnection@58b1c36d
2026-04-10 21:42:07.964 INFO  [restartedMain] com.zaxxer.hikari.HikariDataSource - HikariPool-1 - Start completed.
2026-04-10 21:42:07.984 INFO  [restartedMain] org.hibernate.orm.connections.pooling - HHH10001005: Database info:
	Database JDBC URL [jdbc:postgresql://localhost:5432/e-commerce]
	Database driver: PostgreSQL JDBC Driver
	Database dialect: PostgreSQLDialect
	Database version: 17.5
	Default catalog/schema: e-commerce/public
	Autocommit mode: undefined/unknown
	Isolation level: READ_COMMITTED [default READ_COMMITTED]
	JDBC fetch size: none
	Pool: DataSourceConnectionProvider
	Minimum pool size: undefined/unknown
	Maximum pool size: undefined/unknown
2026-04-10 21:42:08.311 INFO  [restartedMain] org.hibernate.orm.core - HHH000489: No JTA platform available (set 'hibernate.transaction.jta.platform' to enable JTA platform integration)
2026-04-10 21:42:08.354 INFO  [restartedMain] o.s.o.j.LocalContainerEntityManagerFactoryBean - Initialized JPA EntityManagerFactory for persistence unit 'default'
2026-04-10 21:42:08.382 INFO  [restartedMain] o.s.d.j.r.query.QueryEnhancerFactories - Hibernate is in classpath; If applicable, HQL parser will be used.
2026-04-10 21:42:09.086 INFO  [restartedMain] o.apache.coyote.http11.Http11NioProtocol - Starting ProtocolHandler ["http-nio-4000"]
2026-04-10 21:42:09.093 INFO  [restartedMain] o.s.boot.tomcat.TomcatWebServer - Tomcat started on port 4000 (http) with context path '/'
2026-04-10 21:42:09.096 INFO  [restartedMain] c.e.p.ProductServiceApplication - Started ProductServiceApplication in 2.063 seconds (process running for 2.324)
2026-04-10 21:42:09.097 INFO  [restartedMain] o.s.b.b.a.JobLauncherApplicationRunner - Running default command line with: []
2026-04-10 21:42:13.969 INFO  [http-nio-4000-exec-1] o.a.c.c.C.[Tomcat].[localhost].[/] - Initializing Spring DispatcherServlet 'dispatcherServlet'
2026-04-10 21:42:13.969 INFO  [http-nio-4000-exec-1] o.s.web.servlet.DispatcherServlet - Initializing Servlet 'dispatcherServlet'
2026-04-10 21:42:13.970 INFO  [http-nio-4000-exec-1] o.s.web.servlet.DispatcherServlet - Completed initialization in 1 ms
2026-04-10 21:42:14.041 INFO  [http-nio-4000-exec-1] c.e.productservice.service.ProductQuery - ProductDetailsDto(id=660e8400-e29b-41d4-a716-446655440001, productName=Wireless Earbuds Pro, categoryName=Audio, categoryId=550e8400-e29b-41d4-a716-446655440002, price=849.00, comparePrice=1299.00, availableStock=8, createdAt=2026-03-29T16:17:28.391757, status=ACTIVE, productImageUrl=https://img.stockflow.in/prod/earbuds-pro.jpg)
2026-04-10 21:42:21.809 INFO  [SpringApplicationShutdownHook] o.s.boot.tomcat.GracefulShutdown - Commencing graceful shutdown. Waiting for active requests to complete
2026-04-10 21:42:21.811 INFO  [tomcat-shutdown] o.s.boot.tomcat.GracefulShutdown - Graceful shutdown complete
2026-04-10 21:42:21.813 INFO  [SpringApplicationShutdownHook] o.s.o.j.LocalContainerEntityManagerFactoryBean - Closing JPA EntityManagerFactory for persistence unit 'default'
2026-04-10 21:42:21.815 INFO  [SpringApplicationShutdownHook] com.zaxxer.hikari.HikariDataSource - HikariPool-1 - Shutdown initiated...
2026-04-10 21:42:21.815 INFO  [SpringApplicationShutdownHook] com.zaxxer.hikari.HikariDataSource - HikariPool-1 - Shutdown completed.
2026-04-10 22:48:08.175 INFO  [restartedMain] c.e.p.ProductServiceApplication - Starting ProductServiceApplication using Java 21.0.10 with PID 8859 (/Users/nikitasuryawanshi/Projects/Order and Inventory Management System/Ecommerce/Ecom_Backend/product-service/target/classes started by nikitasuryawanshi in /Users/nikitasuryawanshi/Projects/Order and Inventory Management System/Ecommerce/Ecom_Backend/product-service)
2026-04-10 22:48:08.176 INFO  [restartedMain] c.e.p.ProductServiceApplication - No active profile set, falling back to 1 default profile: "default"
2026-04-10 22:48:08.191 INFO  [restartedMain] o.s.b.d.e.DevToolsPropertyDefaultsPostProcessor - Devtools property defaults active! Set 'spring.devtools.add-properties' to 'false' to disable
2026-04-10 22:48:08.191 INFO  [restartedMain] o.s.b.d.e.DevToolsPropertyDefaultsPostProcessor - For additional web related logging consider setting the 'logging.level.web' property to 'DEBUG'
2026-04-10 22:48:08.303 INFO  [background-preinit] o.h.validator.internal.util.Version - HV000001: Hibernate Validator 9.0.1.Final
2026-04-10 22:48:08.438 INFO  [restartedMain] o.s.d.r.c.RepositoryConfigurationDelegate - Bootstrapping Spring Data JPA repositories in DEFAULT mode.
2026-04-10 22:48:08.457 INFO  [restartedMain] o.s.d.r.c.RepositoryConfigurationDelegate - Finished Spring Data repository scanning in 16 ms. Found 3 JPA repository interfaces.
2026-04-10 22:48:08.605 INFO  [restartedMain] o.s.boot.tomcat.TomcatWebServer - Tomcat initialized with port 4000 (http)
2026-04-10 22:48:08.610 INFO  [restartedMain] o.apache.coyote.http11.Http11NioProtocol - Initializing ProtocolHandler ["http-nio-4000"]
2026-04-10 22:48:08.611 INFO  [restartedMain] o.apache.catalina.core.StandardService - Starting service [Tomcat]
2026-04-10 22:48:08.611 INFO  [restartedMain] org.apache.catalina.core.StandardEngine - Starting Servlet engine: [Apache Tomcat/11.0.18]
2026-04-10 22:48:08.622 INFO  [restartedMain] o.s.b.w.c.s.WebApplicationContextInitializer - Root WebApplicationContext: initialization completed in 431 ms
2026-04-10 22:48:08.680 INFO  [restartedMain] org.hibernate.orm.jpa - HHH008540: Processing PersistenceUnitInfo [name: default]
2026-04-10 22:48:08.699 INFO  [restartedMain] org.hibernate.orm.core - HHH000001: Hibernate ORM core version 7.2.7.Final
2026-04-10 22:48:08.841 INFO  [restartedMain] o.s.o.j.p.SpringPersistenceUnitInfo - No LoadTimeWeaver setup: ignoring JPA class transformer
2026-04-10 22:48:08.852 INFO  [restartedMain] com.zaxxer.hikari.HikariDataSource - HikariPool-1 - Starting...
2026-04-10 22:48:08.910 INFO  [restartedMain] com.zaxxer.hikari.pool.HikariPool - HikariPool-1 - Added connection org.postgresql.jdbc.PgConnection@219dae7f
2026-04-10 22:48:08.911 INFO  [restartedMain] com.zaxxer.hikari.HikariDataSource - HikariPool-1 - Start completed.
2026-04-10 22:48:08.930 INFO  [restartedMain] org.hibernate.orm.connections.pooling - HHH10001005: Database info:
	Database JDBC URL [jdbc:postgresql://localhost:5432/e-commerce]
	Database driver: PostgreSQL JDBC Driver
	Database dialect: PostgreSQLDialect
	Database version: 17.5
	Default catalog/schema: e-commerce/public
	Autocommit mode: undefined/unknown
	Isolation level: READ_COMMITTED [default READ_COMMITTED]
	JDBC fetch size: none
	Pool: DataSourceConnectionProvider
	Minimum pool size: undefined/unknown
	Maximum pool size: undefined/unknown
2026-04-10 22:48:09.268 INFO  [restartedMain] org.hibernate.orm.core - HHH000489: No JTA platform available (set 'hibernate.transaction.jta.platform' to enable JTA platform integration)
2026-04-10 22:48:09.314 INFO  [restartedMain] o.s.o.j.LocalContainerEntityManagerFactoryBean - Initialized JPA EntityManagerFactory for persistence unit 'default'
2026-04-10 22:48:09.343 INFO  [restartedMain] o.s.d.j.r.query.QueryEnhancerFactories - Hibernate is in classpath; If applicable, HQL parser will be used.
2026-04-10 22:48:10.060 INFO  [restartedMain] o.apache.coyote.http11.Http11NioProtocol - Starting ProtocolHandler ["http-nio-4000"]
2026-04-10 22:48:10.068 INFO  [restartedMain] o.s.boot.tomcat.TomcatWebServer - Tomcat started on port 4000 (http) with context path '/'
2026-04-10 22:48:10.071 INFO  [restartedMain] c.e.p.ProductServiceApplication - Started ProductServiceApplication in 2.097 seconds (process running for 2.298)
2026-04-10 22:48:10.072 INFO  [restartedMain] o.s.b.b.a.JobLauncherApplicationRunner - Running default command line with: []
2026-04-10 22:48:35.216 INFO  [http-nio-4000-exec-1] o.a.c.c.C.[Tomcat].[localhost].[/] - Initializing Spring DispatcherServlet 'dispatcherServlet'
2026-04-10 22:48:35.216 INFO  [http-nio-4000-exec-1] o.s.web.servlet.DispatcherServlet - Initializing Servlet 'dispatcherServlet'
2026-04-10 22:48:35.217 INFO  [http-nio-4000-exec-1] o.s.web.servlet.DispatcherServlet - Completed initialization in 1 ms
2026-04-10 22:48:35.275 INFO  [http-nio-4000-exec-1] c.e.productservice.service.ProductQuery - ProductDetailsDto(id=660e8400-e29b-41d4-a716-446655440001, productName=Wireless Earbuds Pro, categoryName=Audio, categoryId=550e8400-e29b-41d4-a716-446655440002, price=849.00, comparePrice=1299.00, availableStock=8, createdAt=2026-03-29T16:17:28.391757, status=ACTIVE, productImageUrl=https://img.stockflow.in/prod/earbuds-pro.jpg)
2026-04-10 22:48:35.275 INFO  [http-nio-4000-exec-1] c.e.productservice.service.ProductQuery - ProductDetailsDto(id=660e8400-e29b-41d4-a716-446655440006, productName=Mechanical Keyboard TKL, categoryName=Peripherals, categoryId=550e8400-e29b-41d4-a716-446655440006, price=8500.00, comparePrice=null, availableStock=4, createdAt=2026-04-05T16:17:28.391757, status=ACTIVE, productImageUrl=https://img.stockflow.in/prod/keyboard-tkl.jpg)
2026-04-10 22:48:35.275 INFO  [http-nio-4000-exec-1] c.e.productservice.service.ProductQuery - ProductDetailsDto(id=660e8400-e29b-41d4-a716-446655440015, productName=Smart LED Desk Lamp, categoryName=Lighting, categoryId=550e8400-e29b-41d4-a716-446655440004, price=600.00, comparePrice=850.00, availableStock=2, createdAt=2026-04-02T16:17:28.391757, status=ACTIVE, productImageUrl=https://img.stockflow.in/prod/desk-lamp.jpg)
2026-04-10 22:48:35.275 INFO  [http-nio-4000-exec-1] c.e.productservice.service.ProductQuery - ProductDetailsDto(id=660e8400-e29b-41d4-a716-446655440010, productName=USB-C Hub 7-in-1, categoryName=Accessories, categoryId=550e8400-e29b-41d4-a716-446655440003, price=799.00, comparePrice=999.00, availableStock=23, createdAt=2026-03-31T16:17:28.391757, status=ACTIVE, productImageUrl=https://img.stockflow.in/prod/usb-hub.jpg)
2026-04-10 22:48:35.275 INFO  [http-nio-4000-exec-1] c.e.productservice.service.ProductQuery - ProductDetailsDto(id=660e8400-e29b-41d4-a716-446655440012, productName=Phone Stand Adjustable, categoryName=Accessories, categoryId=550e8400-e29b-41d4-a716-446655440003, price=299.00, comparePrice=null, availableStock=18, createdAt=2026-03-14T16:17:28.391757, status=ACTIVE, productImageUrl=https://img.stockflow.in/prod/phone-stand.jpg)
2026-04-10 22:48:35.275 INFO  [http-nio-4000-exec-1] c.e.productservice.service.ProductQuery - ProductDetailsDto(id=660e8400-e29b-41d4-a716-446655440005, productName=Wired Gaming Headset, categoryName=Audio, categoryId=550e8400-e29b-41d4-a716-446655440002, price=2199.00, comparePrice=2999.00, availableStock=0, createdAt=2026-03-24T16:17:28.391757, status=OUT_OF_STOCK, productImageUrl=https://img.stockflow.in/prod/gaming-headset.jpg)
2026-04-10 22:48:35.275 INFO  [http-nio-4000-exec-1] c.e.productservice.service.ProductQuery - ProductDetailsDto(id=660e8400-e29b-41d4-a716-446655440009, productName=Ergonomic Trackball, categoryName=Peripherals, categoryId=550e8400-e29b-41d4-a716-446655440006, price=3599.00, comparePrice=null, availableStock=0, createdAt=2026-02-22T16:17:28.391757, status=DISCONTINUED, productImageUrl=https://img.stockflow.in/prod/trackball.jpg)
2026-04-10 22:48:35.275 INFO  [http-nio-4000-exec-1] c.e.productservice.service.ProductQuery - ProductDetailsDto(id=660e8400-e29b-41d4-a716-446655440002, productName=Noise-Cancel Headphones, categoryName=Audio, categoryId=550e8400-e29b-41d4-a716-446655440002, price=3499.00, comparePrice=4999.00, availableStock=34, createdAt=2026-04-03T16:17:28.391757, status=ACTIVE, productImageUrl=https://img.stockflow.in/prod/headphones.jpg)
2026-04-10 22:48:35.275 INFO  [http-nio-4000-exec-1] c.e.productservice.service.ProductQuery - ProductDetailsDto(id=660e8400-e29b-41d4-a716-446655440003, productName=Bluetooth Speaker Mini, categoryName=Audio, categoryId=550e8400-e29b-41d4-a716-446655440002, price=1299.00, comparePrice=null, availableStock=56, createdAt=2026-03-19T16:17:28.391757, status=ACTIVE, productImageUrl=https://img.stockflow.in/prod/speaker-mini.jpg)
2026-04-10 22:48:35.275 INFO  [http-nio-4000-exec-1] c.e.productservice.service.ProductQuery - ProductDetailsDto(id=660e8400-e29b-41d4-a716-446655440004, productName=Studio Monitor Speakers, categoryName=Audio, categoryId=550e8400-e29b-41d4-a716-446655440002, price=12500.00, comparePrice=null, availableStock=12, createdAt=2026-03-09T16:17:28.391757, status=ACTIVE, productImageUrl=https://img.stockflow.in/prod/studio-monitors.jpg)
2026-04-10 22:48:35.275 INFO  [http-nio-4000-exec-1] c.e.productservice.service.ProductQuery - ProductDetailsDto(id=660e8400-e29b-41d4-a716-446655440007, productName=Webcam 4K Pro, categoryName=Peripherals, categoryId=550e8400-e29b-41d4-a716-446655440006, price=7000.00, comparePrice=null, availableStock=88, createdAt=2026-03-27T16:17:28.391757, status=ACTIVE, productImageUrl=https://img.stockflow.in/prod/webcam-4k.jpg)
2026-04-10 22:48:35.275 INFO  [http-nio-4000-exec-1] c.e.productservice.service.ProductQuery - ProductDetailsDto(id=660e8400-e29b-41d4-a716-446655440008, productName=Wireless Gaming Mouse, categoryName=Peripherals, categoryId=550e8400-e29b-41d4-a716-446655440006, price=4299.00, comparePrice=null, availableStock=40, createdAt=2026-03-21T16:17:28.391757, status=ACTIVE, productImageUrl=https://img.stockflow.in/prod/gaming-mouse.jpg)
2026-04-10 22:48:35.276 INFO  [http-nio-4000-exec-1] c.e.productservice.service.ProductQuery - ProductDetailsDto(id=660e8400-e29b-41d4-a716-446655440011, productName=Laptop Stand Aluminium, categoryName=Accessories, categoryId=550e8400-e29b-41d4-a716-446655440003, price=699.00, comparePrice=null, availableStock=132, createdAt=2026-03-17T16:17:28.391757, status=ACTIVE, productImageUrl=https://img.stockflow.in/prod/laptop-stand.jpg)
2026-04-10 22:48:35.276 INFO  [http-nio-4000-exec-1] c.e.productservice.service.ProductQuery - ProductDetailsDto(id=660e8400-e29b-41d4-a716-446655440013, productName=Laptop Sleeve 15-inch, categoryName=Accessories, categoryId=550e8400-e29b-41d4-a716-446655440003, price=899.00, comparePrice=null, availableStock=65, createdAt=2026-03-04T16:17:28.391757, status=ACTIVE, productImageUrl=https://img.stockflow.in/prod/laptop-sleeve.jpg)
2026-04-10 22:48:35.276 INFO  [http-nio-4000-exec-1] c.e.productservice.service.ProductQuery - ProductDetailsDto(id=660e8400-e29b-41d4-a716-446655440014, productName=Cable Organizer Kit, categoryName=Accessories, categoryId=550e8400-e29b-41d4-a716-446655440003, price=249.00, comparePrice=null, availableStock=120, createdAt=2026-02-27T16:17:28.391757, status=ACTIVE, productImageUrl=https://img.stockflow.in/prod/cable-organizer.jpg)
2026-04-10 22:48:35.276 INFO  [http-nio-4000-exec-1] c.e.productservice.service.ProductQuery - ProductDetailsDto(id=660e8400-e29b-41d4-a716-446655440016, productName=LED Strip RGB 5m, categoryName=Lighting, categoryId=550e8400-e29b-41d4-a716-446655440004, price=1299.00, comparePrice=null, availableStock=72, createdAt=2026-03-11T16:17:28.391757, status=ACTIVE, productImageUrl=https://img.stockflow.in/prod/led-strip.jpg)
2026-04-10 22:48:35.276 INFO  [http-nio-4000-exec-1] c.e.productservice.service.ProductQuery - ProductDetailsDto(id=660e8400-e29b-41d4-a716-446655440017, productName=Monitor Light Bar, categoryName=Lighting, categoryId=550e8400-e29b-41d4-a716-446655440004, price=2499.00, comparePrice=null, availableStock=35, createdAt=2026-03-25T16:17:28.391757, status=ACTIVE, productImageUrl=https://img.stockflow.in/prod/monitor-light.jpg)
2026-04-10 22:48:35.276 INFO  [http-nio-4000-exec-1] c.e.productservice.service.ProductQuery - ProductDetailsDto(id=660e8400-e29b-41d4-a716-446655440018, productName=USB-A to USB-C Cable, categoryName=Cables, categoryId=550e8400-e29b-41d4-a716-446655440005, price=199.00, comparePrice=null, availableStock=295, createdAt=2026-02-17T16:17:28.391757, status=ACTIVE, productImageUrl=https://img.stockflow.in/prod/usb-c-cable.jpg)
2026-04-10 22:48:35.276 INFO  [http-nio-4000-exec-1] c.e.productservice.service.ProductQuery - ProductDetailsDto(id=660e8400-e29b-41d4-a716-446655440019, productName=HDMI 2.1 Cable 2m, categoryName=Cables, categoryId=550e8400-e29b-41d4-a716-446655440005, price=599.00, comparePrice=null, availableStock=205, createdAt=2026-03-07T16:17:28.391757, status=ACTIVE, productImageUrl=https://img.stockflow.in/prod/hdmi-cable.jpg)
2026-04-10 22:48:35.276 INFO  [http-nio-4000-exec-1] c.e.productservice.service.ProductQuery - ProductDetailsDto(id=660e8400-e29b-41d4-a716-446655440020, productName=Lightning to USB-C Cable, categoryName=Cables, categoryId=550e8400-e29b-41d4-a716-446655440005, price=799.00, comparePrice=999.00, availableStock=90, createdAt=2026-03-23T16:17:28.391757, status=ACTIVE, productImageUrl=https://img.stockflow.in/prod/lightning-cable.jpg)
2026-04-10 22:49:37.760 INFO  [http-nio-4000-exec-5] c.e.productservice.service.ProductQuery - ProductDetailsDto(id=660e8400-e29b-41d4-a716-446655440001, productName=Wireless Earbuds Pro, categoryName=Audio, categoryId=550e8400-e29b-41d4-a716-446655440002, price=849.00, comparePrice=1299.00, availableStock=8, createdAt=2026-03-29T16:17:28.391757, status=ACTIVE, productImageUrl=https://img.stockflow.in/prod/earbuds-pro.jpg)
2026-04-10 22:49:37.760 INFO  [http-nio-4000-exec-5] c.e.productservice.service.ProductQuery - ProductDetailsDto(id=660e8400-e29b-41d4-a716-446655440002, productName=Noise-Cancel Headphones, categoryName=Audio, categoryId=550e8400-e29b-41d4-a716-446655440002, price=3499.00, comparePrice=4999.00, availableStock=34, createdAt=2026-04-03T16:17:28.391757, status=ACTIVE, productImageUrl=https://img.stockflow.in/prod/headphones.jpg)
2026-04-10 22:49:37.760 INFO  [http-nio-4000-exec-5] c.e.productservice.service.ProductQuery - ProductDetailsDto(id=660e8400-e29b-41d4-a716-446655440003, productName=Bluetooth Speaker Mini, categoryName=Audio, categoryId=550e8400-e29b-41d4-a716-446655440002, price=1299.00, comparePrice=null, availableStock=56, createdAt=2026-03-19T16:17:28.391757, status=ACTIVE, productImageUrl=https://img.stockflow.in/prod/speaker-mini.jpg)
2026-04-10 22:49:37.760 INFO  [http-nio-4000-exec-5] c.e.productservice.service.ProductQuery - ProductDetailsDto(id=660e8400-e29b-41d4-a716-446655440004, productName=Studio Monitor Speakers, categoryName=Audio, categoryId=550e8400-e29b-41d4-a716-446655440002, price=12500.00, comparePrice=null, availableStock=12, createdAt=2026-03-09T16:17:28.391757, status=ACTIVE, productImageUrl=https://img.stockflow.in/prod/studio-monitors.jpg)
2026-04-10 22:49:37.760 INFO  [http-nio-4000-exec-5] c.e.productservice.service.ProductQuery - ProductDetailsDto(id=660e8400-e29b-41d4-a716-446655440005, productName=Wired Gaming Headset, categoryName=Audio, categoryId=550e8400-e29b-41d4-a716-446655440002, price=2199.00, comparePrice=2999.00, availableStock=0, createdAt=2026-03-24T16:17:28.391757, status=OUT_OF_STOCK, productImageUrl=https://img.stockflow.in/prod/gaming-headset.jpg)
2026-04-10 22:49:37.760 INFO  [http-nio-4000-exec-5] c.e.productservice.service.ProductQuery - ProductDetailsDto(id=660e8400-e29b-41d4-a716-446655440006, productName=Mechanical Keyboard TKL, categoryName=Peripherals, categoryId=550e8400-e29b-41d4-a716-446655440006, price=8500.00, comparePrice=null, availableStock=4, createdAt=2026-04-05T16:17:28.391757, status=ACTIVE, productImageUrl=https://img.stockflow.in/prod/keyboard-tkl.jpg)
2026-04-10 22:49:37.760 INFO  [http-nio-4000-exec-5] c.e.productservice.service.ProductQuery - ProductDetailsDto(id=660e8400-e29b-41d4-a716-446655440007, productName=Webcam 4K Pro, categoryName=Peripherals, categoryId=550e8400-e29b-41d4-a716-446655440006, price=7000.00, comparePrice=null, availableStock=88, createdAt=2026-03-27T16:17:28.391757, status=ACTIVE, productImageUrl=https://img.stockflow.in/prod/webcam-4k.jpg)
2026-04-10 22:49:37.760 INFO  [http-nio-4000-exec-5] c.e.productservice.service.ProductQuery - ProductDetailsDto(id=660e8400-e29b-41d4-a716-446655440008, productName=Wireless Gaming Mouse, categoryName=Peripherals, categoryId=550e8400-e29b-41d4-a716-446655440006, price=4299.00, comparePrice=null, availableStock=40, createdAt=2026-03-21T16:17:28.391757, status=ACTIVE, productImageUrl=https://img.stockflow.in/prod/gaming-mouse.jpg)
2026-04-10 22:49:37.760 INFO  [http-nio-4000-exec-5] c.e.productservice.service.ProductQuery - ProductDetailsDto(id=660e8400-e29b-41d4-a716-446655440009, productName=Ergonomic Trackball, categoryName=Peripherals, categoryId=550e8400-e29b-41d4-a716-446655440006, price=3599.00, comparePrice=null, availableStock=0, createdAt=2026-02-22T16:17:28.391757, status=DISCONTINUED, productImageUrl=https://img.stockflow.in/prod/trackball.jpg)
2026-04-10 22:50:03.750 INFO  [http-nio-4000-exec-6] c.e.productservice.service.ProductQuery - ProductDetailsDto(id=660e8400-e29b-41d4-a716-446655440001, productName=Wireless Earbuds Pro, categoryName=Audio, categoryId=550e8400-e29b-41d4-a716-446655440002, price=849.00, comparePrice=1299.00, availableStock=8, createdAt=2026-03-29T16:17:28.391757, status=ACTIVE, productImageUrl=https://img.stockflow.in/prod/earbuds-pro.jpg)
2026-04-10 22:50:03.750 INFO  [http-nio-4000-exec-6] c.e.productservice.service.ProductQuery - ProductDetailsDto(id=660e8400-e29b-41d4-a716-446655440002, productName=Noise-Cancel Headphones, categoryName=Audio, categoryId=550e8400-e29b-41d4-a716-446655440002, price=3499.00, comparePrice=4999.00, availableStock=34, createdAt=2026-04-03T16:17:28.391757, status=ACTIVE, productImageUrl=https://img.stockflow.in/prod/headphones.jpg)
2026-04-10 22:50:03.750 INFO  [http-nio-4000-exec-6] c.e.productservice.service.ProductQuery - ProductDetailsDto(id=660e8400-e29b-41d4-a716-446655440003, productName=Bluetooth Speaker Mini, categoryName=Audio, categoryId=550e8400-e29b-41d4-a716-446655440002, price=1299.00, comparePrice=null, availableStock=56, createdAt=2026-03-19T16:17:28.391757, status=ACTIVE, productImageUrl=https://img.stockflow.in/prod/speaker-mini.jpg)
2026-04-10 22:50:03.751 INFO  [http-nio-4000-exec-6] c.e.productservice.service.ProductQuery - ProductDetailsDto(id=660e8400-e29b-41d4-a716-446655440004, productName=Studio Monitor Speakers, categoryName=Audio, categoryId=550e8400-e29b-41d4-a716-446655440002, price=12500.00, comparePrice=null, availableStock=12, createdAt=2026-03-09T16:17:28.391757, status=ACTIVE, productImageUrl=https://img.stockflow.in/prod/studio-monitors.jpg)
2026-04-10 22:50:03.751 INFO  [http-nio-4000-exec-6] c.e.productservice.service.ProductQuery - ProductDetailsDto(id=660e8400-e29b-41d4-a716-446655440005, productName=Wired Gaming Headset, categoryName=Audio, categoryId=550e8400-e29b-41d4-a716-446655440002, price=2199.00, comparePrice=2999.00, availableStock=0, createdAt=2026-03-24T16:17:28.391757, status=OUT_OF_STOCK, productImageUrl=https://img.stockflow.in/prod/gaming-headset.jpg)
2026-04-10 22:50:23.596 INFO  [http-nio-4000-exec-7] c.e.productservice.service.ProductQuery - ProductDetailsDto(id=660e8400-e29b-41d4-a716-446655440005, productName=Wired Gaming Headset, categoryName=Audio, categoryId=550e8400-e29b-41d4-a716-446655440002, price=2199.00, comparePrice=2999.00, availableStock=0, createdAt=2026-03-24T16:17:28.391757, status=OUT_OF_STOCK, productImageUrl=https://img.stockflow.in/prod/gaming-headset.jpg)
2026-04-10 22:50:23.596 INFO  [http-nio-4000-exec-7] c.e.productservice.service.ProductQuery - ProductDetailsDto(id=660e8400-e29b-41d4-a716-446655440009, productName=Ergonomic Trackball, categoryName=Peripherals, categoryId=550e8400-e29b-41d4-a716-446655440006, price=3599.00, comparePrice=null, availableStock=0, createdAt=2026-02-22T16:17:28.391757, status=DISCONTINUED, productImageUrl=https://img.stockflow.in/prod/trackball.jpg)
2026-04-10 22:50:46.733 INFO  [SpringApplicationShutdownHook] o.s.boot.tomcat.GracefulShutdown - Commencing graceful shutdown. Waiting for active requests to complete
2026-04-10 22:50:46.736 INFO  [tomcat-shutdown] o.s.boot.tomcat.GracefulShutdown - Graceful shutdown complete
2026-04-10 22:50:46.738 INFO  [SpringApplicationShutdownHook] o.s.o.j.LocalContainerEntityManagerFactoryBean - Closing JPA EntityManagerFactory for persistence unit 'default'
2026-04-10 22:50:46.739 INFO  [SpringApplicationShutdownHook] com.zaxxer.hikari.HikariDataSource - HikariPool-1 - Shutdown initiated...
2026-04-10 22:50:46.740 INFO  [SpringApplicationShutdownHook] com.zaxxer.hikari.HikariDataSource - HikariPool-1 - Shutdown completed.
2026-04-10 22:53:14.967 INFO  [restartedMain] c.e.p.ProductServiceApplication - Starting ProductServiceApplication using Java 21.0.10 with PID 8937 (/Users/nikitasuryawanshi/Projects/Order and Inventory Management System/Ecommerce/Ecom_Backend/product-service/target/classes started by nikitasuryawanshi in /Users/nikitasuryawanshi/Projects/Order and Inventory Management System/Ecommerce/Ecom_Backend/product-service)
2026-04-10 22:53:14.968 INFO  [restartedMain] c.e.p.ProductServiceApplication - No active profile set, falling back to 1 default profile: "default"
2026-04-10 22:53:14.985 INFO  [restartedMain] o.s.b.d.e.DevToolsPropertyDefaultsPostProcessor - Devtools property defaults active! Set 'spring.devtools.add-properties' to 'false' to disable
2026-04-10 22:53:14.985 INFO  [restartedMain] o.s.b.d.e.DevToolsPropertyDefaultsPostProcessor - For additional web related logging consider setting the 'logging.level.web' property to 'DEBUG'
2026-04-10 22:53:15.078 INFO  [background-preinit] o.h.validator.internal.util.Version - HV000001: Hibernate Validator 9.0.1.Final
2026-04-10 22:53:15.220 INFO  [restartedMain] o.s.d.r.c.RepositoryConfigurationDelegate - Bootstrapping Spring Data JPA repositories in DEFAULT mode.
2026-04-10 22:53:15.240 INFO  [restartedMain] o.s.d.r.c.RepositoryConfigurationDelegate - Finished Spring Data repository scanning in 17 ms. Found 3 JPA repository interfaces.
2026-04-10 22:53:15.379 INFO  [restartedMain] o.s.boot.tomcat.TomcatWebServer - Tomcat initialized with port 4000 (http)
2026-04-10 22:53:15.383 INFO  [restartedMain] o.apache.coyote.http11.Http11NioProtocol - Initializing ProtocolHandler ["http-nio-4000"]
2026-04-10 22:53:15.383 INFO  [restartedMain] o.apache.catalina.core.StandardService - Starting service [Tomcat]
2026-04-10 22:53:15.383 INFO  [restartedMain] org.apache.catalina.core.StandardEngine - Starting Servlet engine: [Apache Tomcat/11.0.18]
2026-04-10 22:53:15.394 INFO  [restartedMain] o.s.b.w.c.s.WebApplicationContextInitializer - Root WebApplicationContext: initialization completed in 408 ms
2026-04-10 22:53:15.445 INFO  [restartedMain] org.hibernate.orm.jpa - HHH008540: Processing PersistenceUnitInfo [name: default]
2026-04-10 22:53:15.464 INFO  [restartedMain] org.hibernate.orm.core - HHH000001: Hibernate ORM core version 7.2.7.Final
2026-04-10 22:53:15.601 INFO  [restartedMain] o.s.o.j.p.SpringPersistenceUnitInfo - No LoadTimeWeaver setup: ignoring JPA class transformer
2026-04-10 22:53:15.611 INFO  [restartedMain] com.zaxxer.hikari.HikariDataSource - HikariPool-1 - Starting...
2026-04-10 22:53:15.662 INFO  [restartedMain] com.zaxxer.hikari.pool.HikariPool - HikariPool-1 - Added connection org.postgresql.jdbc.PgConnection@4367fdc6
2026-04-10 22:53:15.663 INFO  [restartedMain] com.zaxxer.hikari.HikariDataSource - HikariPool-1 - Start completed.
2026-04-10 22:53:15.682 INFO  [restartedMain] org.hibernate.orm.connections.pooling - HHH10001005: Database info:
	Database JDBC URL [jdbc:postgresql://localhost:5432/e-commerce]
	Database driver: PostgreSQL JDBC Driver
	Database dialect: PostgreSQLDialect
	Database version: 17.5
	Default catalog/schema: e-commerce/public
	Autocommit mode: undefined/unknown
	Isolation level: READ_COMMITTED [default READ_COMMITTED]
	JDBC fetch size: none
	Pool: DataSourceConnectionProvider
	Minimum pool size: undefined/unknown
	Maximum pool size: undefined/unknown
2026-04-10 22:53:16.004 INFO  [restartedMain] org.hibernate.orm.core - HHH000489: No JTA platform available (set 'hibernate.transaction.jta.platform' to enable JTA platform integration)
2026-04-10 22:53:16.045 INFO  [restartedMain] o.s.o.j.LocalContainerEntityManagerFactoryBean - Initialized JPA EntityManagerFactory for persistence unit 'default'
2026-04-10 22:53:16.073 INFO  [restartedMain] o.s.d.j.r.query.QueryEnhancerFactories - Hibernate is in classpath; If applicable, HQL parser will be used.
2026-04-10 22:53:16.790 INFO  [restartedMain] o.apache.coyote.http11.Http11NioProtocol - Starting ProtocolHandler ["http-nio-4000"]
2026-04-10 22:53:16.796 INFO  [restartedMain] o.s.boot.tomcat.TomcatWebServer - Tomcat started on port 4000 (http) with context path '/'
2026-04-10 22:53:16.799 INFO  [restartedMain] c.e.p.ProductServiceApplication - Started ProductServiceApplication in 2.015 seconds (process running for 2.185)
2026-04-10 22:53:16.800 INFO  [restartedMain] o.s.b.b.a.JobLauncherApplicationRunner - Running default command line with: []
2026-04-10 22:53:24.201 INFO  [http-nio-4000-exec-2] o.a.c.c.C.[Tomcat].[localhost].[/] - Initializing Spring DispatcherServlet 'dispatcherServlet'
2026-04-10 22:53:24.201 INFO  [http-nio-4000-exec-2] o.s.web.servlet.DispatcherServlet - Initializing Servlet 'dispatcherServlet'
2026-04-10 22:53:24.202 INFO  [http-nio-4000-exec-2] o.s.web.servlet.DispatcherServlet - Completed initialization in 1 ms
2026-04-10 22:53:24.252 INFO  [http-nio-4000-exec-2] c.e.productservice.service.ProductQuery - CategoryStockInfoDto(categoryName=Accessories, categoryId=550e8400-e29b-41d4-a716-446655440003, totalCount=5, inStockCount=5, outOfStockCount=0)
2026-04-10 22:53:24.252 INFO  [http-nio-4000-exec-2] c.e.productservice.service.ProductQuery - CategoryStockInfoDto(categoryName=Cables, categoryId=550e8400-e29b-41d4-a716-446655440005, totalCount=3, inStockCount=3, outOfStockCount=0)
2026-04-10 22:53:24.252 INFO  [http-nio-4000-exec-2] c.e.productservice.service.ProductQuery - CategoryStockInfoDto(categoryName=Peripherals, categoryId=550e8400-e29b-41d4-a716-446655440006, totalCount=4, inStockCount=3, outOfStockCount=1)
2026-04-10 22:53:24.252 INFO  [http-nio-4000-exec-2] c.e.productservice.service.ProductQuery - CategoryStockInfoDto(categoryName=Lighting, categoryId=550e8400-e29b-41d4-a716-446655440004, totalCount=3, inStockCount=3, outOfStockCount=0)
2026-04-10 22:53:24.252 INFO  [http-nio-4000-exec-2] c.e.productservice.service.ProductQuery - CategoryStockInfoDto(categoryName=Audio, categoryId=550e8400-e29b-41d4-a716-446655440002, totalCount=5, inStockCount=4, outOfStockCount=1)
2026-04-10 22:53:24.255 INFO  [http-nio-4000-exec-2] c.e.productservice.service.ProductQuery - ProductDetailsDto(id=660e8400-e29b-41d4-a716-446655440001, productName=Wireless Earbuds Pro, categoryName=Audio, categoryId=550e8400-e29b-41d4-a716-446655440002, price=849.00, comparePrice=1299.00, availableStock=8, createdAt=2026-03-29T16:17:28.391757, status=ACTIVE, productImageUrl=https://img.stockflow.in/prod/earbuds-pro.jpg)
2026-04-10 22:53:24.256 INFO  [http-nio-4000-exec-2] c.e.productservice.service.ProductQuery - ProductDetailsDto(id=660e8400-e29b-41d4-a716-446655440006, productName=Mechanical Keyboard TKL, categoryName=Peripherals, categoryId=550e8400-e29b-41d4-a716-446655440006, price=8500.00, comparePrice=null, availableStock=4, createdAt=2026-04-05T16:17:28.391757, status=ACTIVE, productImageUrl=https://img.stockflow.in/prod/keyboard-tkl.jpg)
2026-04-10 22:53:24.256 INFO  [http-nio-4000-exec-2] c.e.productservice.service.ProductQuery - ProductDetailsDto(id=660e8400-e29b-41d4-a716-446655440015, productName=Smart LED Desk Lamp, categoryName=Lighting, categoryId=550e8400-e29b-41d4-a716-446655440004, price=600.00, comparePrice=850.00, availableStock=2, createdAt=2026-04-02T16:17:28.391757, status=ACTIVE, productImageUrl=https://img.stockflow.in/prod/desk-lamp.jpg)
2026-04-10 22:53:24.256 INFO  [http-nio-4000-exec-2] c.e.productservice.service.ProductQuery - ProductDetailsDto(id=660e8400-e29b-41d4-a716-446655440010, productName=USB-C Hub 7-in-1, categoryName=Accessories, categoryId=550e8400-e29b-41d4-a716-446655440003, price=799.00, comparePrice=999.00, availableStock=23, createdAt=2026-03-31T16:17:28.391757, status=ACTIVE, productImageUrl=https://img.stockflow.in/prod/usb-hub.jpg)
2026-04-10 22:53:24.256 INFO  [http-nio-4000-exec-2] c.e.productservice.service.ProductQuery - ProductDetailsDto(id=660e8400-e29b-41d4-a716-446655440012, productName=Phone Stand Adjustable, categoryName=Accessories, categoryId=550e8400-e29b-41d4-a716-446655440003, price=299.00, comparePrice=null, availableStock=18, createdAt=2026-03-14T16:17:28.391757, status=ACTIVE, productImageUrl=https://img.stockflow.in/prod/phone-stand.jpg)
2026-04-10 22:53:24.256 INFO  [http-nio-4000-exec-2] c.e.productservice.service.ProductQuery - ProductDetailsDto(id=660e8400-e29b-41d4-a716-446655440005, productName=Wired Gaming Headset, categoryName=Audio, categoryId=550e8400-e29b-41d4-a716-446655440002, price=2199.00, comparePrice=2999.00, availableStock=0, createdAt=2026-03-24T16:17:28.391757, status=OUT_OF_STOCK, productImageUrl=https://img.stockflow.in/prod/gaming-headset.jpg)
2026-04-10 22:53:24.256 INFO  [http-nio-4000-exec-2] c.e.productservice.service.ProductQuery - ProductDetailsDto(id=660e8400-e29b-41d4-a716-446655440009, productName=Ergonomic Trackball, categoryName=Peripherals, categoryId=550e8400-e29b-41d4-a716-446655440006, price=3599.00, comparePrice=null, availableStock=0, createdAt=2026-02-22T16:17:28.391757, status=DISCONTINUED, productImageUrl=https://img.stockflow.in/prod/trackball.jpg)
2026-04-10 22:53:24.256 INFO  [http-nio-4000-exec-2] c.e.productservice.service.ProductQuery - ProductDetailsDto(id=660e8400-e29b-41d4-a716-446655440002, productName=Noise-Cancel Headphones, categoryName=Audio, categoryId=550e8400-e29b-41d4-a716-446655440002, price=3499.00, comparePrice=4999.00, availableStock=34, createdAt=2026-04-03T16:17:28.391757, status=ACTIVE, productImageUrl=https://img.stockflow.in/prod/headphones.jpg)
2026-04-10 22:53:24.256 INFO  [http-nio-4000-exec-2] c.e.productservice.service.ProductQuery - ProductDetailsDto(id=660e8400-e29b-41d4-a716-446655440003, productName=Bluetooth Speaker Mini, categoryName=Audio, categoryId=550e8400-e29b-41d4-a716-446655440002, price=1299.00, comparePrice=null, availableStock=56, createdAt=2026-03-19T16:17:28.391757, status=ACTIVE, productImageUrl=https://img.stockflow.in/prod/speaker-mini.jpg)
2026-04-10 22:53:24.256 INFO  [http-nio-4000-exec-2] c.e.productservice.service.ProductQuery - ProductDetailsDto(id=660e8400-e29b-41d4-a716-446655440004, productName=Studio Monitor Speakers, categoryName=Audio, categoryId=550e8400-e29b-41d4-a716-446655440002, price=12500.00, comparePrice=null, availableStock=12, createdAt=2026-03-09T16:17:28.391757, status=ACTIVE, productImageUrl=https://img.stockflow.in/prod/studio-monitors.jpg)
2026-04-10 22:53:24.256 INFO  [http-nio-4000-exec-2] c.e.productservice.service.ProductQuery - ProductDetailsDto(id=660e8400-e29b-41d4-a716-446655440007, productName=Webcam 4K Pro, categoryName=Peripherals, categoryId=550e8400-e29b-41d4-a716-446655440006, price=7000.00, comparePrice=null, availableStock=88, createdAt=2026-03-27T16:17:28.391757, status=ACTIVE, productImageUrl=https://img.stockflow.in/prod/webcam-4k.jpg)
2026-04-10 22:53:24.256 INFO  [http-nio-4000-exec-2] c.e.productservice.service.ProductQuery - ProductDetailsDto(id=660e8400-e29b-41d4-a716-446655440008, productName=Wireless Gaming Mouse, categoryName=Peripherals, categoryId=550e8400-e29b-41d4-a716-446655440006, price=4299.00, comparePrice=null, availableStock=40, createdAt=2026-03-21T16:17:28.391757, status=ACTIVE, productImageUrl=https://img.stockflow.in/prod/gaming-mouse.jpg)
2026-04-10 22:53:24.256 INFO  [http-nio-4000-exec-2] c.e.productservice.service.ProductQuery - ProductDetailsDto(id=660e8400-e29b-41d4-a716-446655440011, productName=Laptop Stand Aluminium, categoryName=Accessories, categoryId=550e8400-e29b-41d4-a716-446655440003, price=699.00, comparePrice=null, availableStock=132, createdAt=2026-03-17T16:17:28.391757, status=ACTIVE, productImageUrl=https://img.stockflow.in/prod/laptop-stand.jpg)
2026-04-10 22:53:24.256 INFO  [http-nio-4000-exec-2] c.e.productservice.service.ProductQuery - ProductDetailsDto(id=660e8400-e29b-41d4-a716-446655440013, productName=Laptop Sleeve 15-inch, categoryName=Accessories, categoryId=550e8400-e29b-41d4-a716-446655440003, price=899.00, comparePrice=null, availableStock=65, createdAt=2026-03-04T16:17:28.391757, status=ACTIVE, productImageUrl=https://img.stockflow.in/prod/laptop-sleeve.jpg)
2026-04-10 22:53:24.256 INFO  [http-nio-4000-exec-2] c.e.productservice.service.ProductQuery - ProductDetailsDto(id=660e8400-e29b-41d4-a716-446655440014, productName=Cable Organizer Kit, categoryName=Accessories, categoryId=550e8400-e29b-41d4-a716-446655440003, price=249.00, comparePrice=null, availableStock=120, createdAt=2026-02-27T16:17:28.391757, status=ACTIVE, productImageUrl=https://img.stockflow.in/prod/cable-organizer.jpg)
2026-04-10 22:53:24.256 INFO  [http-nio-4000-exec-2] c.e.productservice.service.ProductQuery - ProductDetailsDto(id=660e8400-e29b-41d4-a716-446655440016, productName=LED Strip RGB 5m, categoryName=Lighting, categoryId=550e8400-e29b-41d4-a716-446655440004, price=1299.00, comparePrice=null, availableStock=72, createdAt=2026-03-11T16:17:28.391757, status=ACTIVE, productImageUrl=https://img.stockflow.in/prod/led-strip.jpg)
2026-04-10 22:53:24.256 INFO  [http-nio-4000-exec-2] c.e.productservice.service.ProductQuery - ProductDetailsDto(id=660e8400-e29b-41d4-a716-446655440017, productName=Monitor Light Bar, categoryName=Lighting, categoryId=550e8400-e29b-41d4-a716-446655440004, price=2499.00, comparePrice=null, availableStock=35, createdAt=2026-03-25T16:17:28.391757, status=ACTIVE, productImageUrl=https://img.stockflow.in/prod/monitor-light.jpg)
2026-04-10 22:53:24.256 INFO  [http-nio-4000-exec-2] c.e.productservice.service.ProductQuery - ProductDetailsDto(id=660e8400-e29b-41d4-a716-446655440018, productName=USB-A to USB-C Cable, categoryName=Cables, categoryId=550e8400-e29b-41d4-a716-446655440005, price=199.00, comparePrice=null, availableStock=295, createdAt=2026-02-17T16:17:28.391757, status=ACTIVE, productImageUrl=https://img.stockflow.in/prod/usb-c-cable.jpg)
2026-04-10 22:53:24.256 INFO  [http-nio-4000-exec-2] c.e.productservice.service.ProductQuery - ProductDetailsDto(id=660e8400-e29b-41d4-a716-446655440019, productName=HDMI 2.1 Cable 2m, categoryName=Cables, categoryId=550e8400-e29b-41d4-a716-446655440005, price=599.00, comparePrice=null, availableStock=205, createdAt=2026-03-07T16:17:28.391757, status=ACTIVE, productImageUrl=https://img.stockflow.in/prod/hdmi-cable.jpg)
2026-04-10 22:53:24.256 INFO  [http-nio-4000-exec-2] c.e.productservice.service.ProductQuery - ProductDetailsDto(id=660e8400-e29b-41d4-a716-446655440020, productName=Lightning to USB-C Cable, categoryName=Cables, categoryId=550e8400-e29b-41d4-a716-446655440005, price=799.00, comparePrice=999.00, availableStock=90, createdAt=2026-03-23T16:17:28.391757, status=ACTIVE, productImageUrl=https://img.stockflow.in/prod/lightning-cable.jpg)
2026-04-10 22:54:06.621 INFO  [http-nio-4000-exec-3] c.e.productservice.service.ProductQuery - CategoryStockInfoDto(categoryName=Lighting, categoryId=550e8400-e29b-41d4-a716-446655440004, totalCount=3, inStockCount=3, outOfStockCount=0)
2026-04-10 22:54:06.667 INFO  [http-nio-4000-exec-3] c.e.productservice.service.ProductQuery - ProductDetailsDto(id=660e8400-e29b-41d4-a716-446655440015, productName=Smart LED Desk Lamp, categoryName=Lighting, categoryId=550e8400-e29b-41d4-a716-446655440004, price=600.00, comparePrice=850.00, availableStock=2, createdAt=2026-04-02T16:17:28.391757, status=ACTIVE, productImageUrl=https://img.stockflow.in/prod/desk-lamp.jpg)
2026-04-10 22:54:06.667 INFO  [http-nio-4000-exec-3] c.e.productservice.service.ProductQuery - ProductDetailsDto(id=660e8400-e29b-41d4-a716-446655440016, productName=LED Strip RGB 5m, categoryName=Lighting, categoryId=550e8400-e29b-41d4-a716-446655440004, price=1299.00, comparePrice=null, availableStock=72, createdAt=2026-03-11T16:17:28.391757, status=ACTIVE, productImageUrl=https://img.stockflow.in/prod/led-strip.jpg)
2026-04-10 22:54:06.667 INFO  [http-nio-4000-exec-3] c.e.productservice.service.ProductQuery - ProductDetailsDto(id=660e8400-e29b-41d4-a716-446655440017, productName=Monitor Light Bar, categoryName=Lighting, categoryId=550e8400-e29b-41d4-a716-446655440004, price=2499.00, comparePrice=null, availableStock=35, createdAt=2026-03-25T16:17:28.391757, status=ACTIVE, productImageUrl=https://img.stockflow.in/prod/monitor-light.jpg)
2026-04-10 22:54:42.627 INFO  [http-nio-4000-exec-4] c.e.productservice.service.ProductQuery - ProductDetailsDto(id=660e8400-e29b-41d4-a716-446655440015, productName=Smart LED Desk Lamp, categoryName=Lighting, categoryId=550e8400-e29b-41d4-a716-446655440004, price=600.00, comparePrice=850.00, availableStock=2, createdAt=2026-04-02T16:17:28.391757, status=ACTIVE, productImageUrl=https://img.stockflow.in/prod/desk-lamp.jpg)
2026-04-10 22:54:58.795 INFO  [http-nio-4000-exec-5] c.e.productservice.service.ProductQuery - CategoryStockInfoDto(categoryName=Accessories, categoryId=550e8400-e29b-41d4-a716-446655440003, totalCount=5, inStockCount=5, outOfStockCount=0)
2026-04-10 22:54:58.795 INFO  [http-nio-4000-exec-5] c.e.productservice.service.ProductQuery - CategoryStockInfoDto(categoryName=Cables, categoryId=550e8400-e29b-41d4-a716-446655440005, totalCount=3, inStockCount=3, outOfStockCount=0)
2026-04-10 22:54:58.795 INFO  [http-nio-4000-exec-5] c.e.productservice.service.ProductQuery - CategoryStockInfoDto(categoryName=Peripherals, categoryId=550e8400-e29b-41d4-a716-446655440006, totalCount=4, inStockCount=3, outOfStockCount=1)
2026-04-10 22:54:58.795 INFO  [http-nio-4000-exec-5] c.e.productservice.service.ProductQuery - CategoryStockInfoDto(categoryName=Lighting, categoryId=550e8400-e29b-41d4-a716-446655440004, totalCount=3, inStockCount=3, outOfStockCount=0)
2026-04-10 22:54:58.795 INFO  [http-nio-4000-exec-5] c.e.productservice.service.ProductQuery - CategoryStockInfoDto(categoryName=Audio, categoryId=550e8400-e29b-41d4-a716-446655440002, totalCount=5, inStockCount=4, outOfStockCount=1)
2026-04-10 22:54:58.799 INFO  [http-nio-4000-exec-5] c.e.productservice.service.ProductQuery - ProductDetailsDto(id=660e8400-e29b-41d4-a716-446655440001, productName=Wireless Earbuds Pro, categoryName=Audio, categoryId=550e8400-e29b-41d4-a716-446655440002, price=849.00, comparePrice=1299.00, availableStock=8, createdAt=2026-03-29T16:17:28.391757, status=ACTIVE, productImageUrl=https://img.stockflow.in/prod/earbuds-pro.jpg)
2026-04-10 22:54:58.799 INFO  [http-nio-4000-exec-5] c.e.productservice.service.ProductQuery - ProductDetailsDto(id=660e8400-e29b-41d4-a716-446655440006, productName=Mechanical Keyboard TKL, categoryName=Peripherals, categoryId=550e8400-e29b-41d4-a716-446655440006, price=8500.00, comparePrice=null, availableStock=4, createdAt=2026-04-05T16:17:28.391757, status=ACTIVE, productImageUrl=https://img.stockflow.in/prod/keyboard-tkl.jpg)
2026-04-10 22:54:58.799 INFO  [http-nio-4000-exec-5] c.e.productservice.service.ProductQuery - ProductDetailsDto(id=660e8400-e29b-41d4-a716-446655440015, productName=Smart LED Desk Lamp, categoryName=Lighting, categoryId=550e8400-e29b-41d4-a716-446655440004, price=600.00, comparePrice=850.00, availableStock=2, createdAt=2026-04-02T16:17:28.391757, status=ACTIVE, productImageUrl=https://img.stockflow.in/prod/desk-lamp.jpg)
2026-04-10 22:54:58.799 INFO  [http-nio-4000-exec-5] c.e.productservice.service.ProductQuery - ProductDetailsDto(id=660e8400-e29b-41d4-a716-446655440010, productName=USB-C Hub 7-in-1, categoryName=Accessories, categoryId=550e8400-e29b-41d4-a716-446655440003, price=799.00, comparePrice=999.00, availableStock=23, createdAt=2026-03-31T16:17:28.391757, status=ACTIVE, productImageUrl=https://img.stockflow.in/prod/usb-hub.jpg)
2026-04-10 22:54:58.800 INFO  [http-nio-4000-exec-5] c.e.productservice.service.ProductQuery - ProductDetailsDto(id=660e8400-e29b-41d4-a716-446655440012, productName=Phone Stand Adjustable, categoryName=Accessories, categoryId=550e8400-e29b-41d4-a716-446655440003, price=299.00, comparePrice=null, availableStock=18, createdAt=2026-03-14T16:17:28.391757, status=ACTIVE, productImageUrl=https://img.stockflow.in/prod/phone-stand.jpg)
2026-04-10 22:54:58.800 INFO  [http-nio-4000-exec-5] c.e.productservice.service.ProductQuery - ProductDetailsDto(id=660e8400-e29b-41d4-a716-446655440005, productName=Wired Gaming Headset, categoryName=Audio, categoryId=550e8400-e29b-41d4-a716-446655440002, price=2199.00, comparePrice=2999.00, availableStock=0, createdAt=2026-03-24T16:17:28.391757, status=OUT_OF_STOCK, productImageUrl=https://img.stockflow.in/prod/gaming-headset.jpg)
2026-04-10 22:54:58.800 INFO  [http-nio-4000-exec-5] c.e.productservice.service.ProductQuery - ProductDetailsDto(id=660e8400-e29b-41d4-a716-446655440009, productName=Ergonomic Trackball, categoryName=Peripherals, categoryId=550e8400-e29b-41d4-a716-446655440006, price=3599.00, comparePrice=null, availableStock=0, createdAt=2026-02-22T16:17:28.391757, status=DISCONTINUED, productImageUrl=https://img.stockflow.in/prod/trackball.jpg)
2026-04-10 22:54:58.800 INFO  [http-nio-4000-exec-5] c.e.productservice.service.ProductQuery - ProductDetailsDto(id=660e8400-e29b-41d4-a716-446655440002, productName=Noise-Cancel Headphones, categoryName=Audio, categoryId=550e8400-e29b-41d4-a716-446655440002, price=3499.00, comparePrice=4999.00, availableStock=34, createdAt=2026-04-03T16:17:28.391757, status=ACTIVE, productImageUrl=https://img.stockflow.in/prod/headphones.jpg)
2026-04-10 22:54:58.800 INFO  [http-nio-4000-exec-5] c.e.productservice.service.ProductQuery - ProductDetailsDto(id=660e8400-e29b-41d4-a716-446655440003, productName=Bluetooth Speaker Mini, categoryName=Audio, categoryId=550e8400-e29b-41d4-a716-446655440002, price=1299.00, comparePrice=null, availableStock=56, createdAt=2026-03-19T16:17:28.391757, status=ACTIVE, productImageUrl=https://img.stockflow.in/prod/speaker-mini.jpg)
2026-04-10 22:54:58.800 INFO  [http-nio-4000-exec-5] c.e.productservice.service.ProductQuery - ProductDetailsDto(id=660e8400-e29b-41d4-a716-446655440004, productName=Studio Monitor Speakers, categoryName=Audio, categoryId=550e8400-e29b-41d4-a716-446655440002, price=12500.00, comparePrice=null, availableStock=12, createdAt=2026-03-09T16:17:28.391757, status=ACTIVE, productImageUrl=https://img.stockflow.in/prod/studio-monitors.jpg)
2026-04-10 22:54:58.800 INFO  [http-nio-4000-exec-5] c.e.productservice.service.ProductQuery - ProductDetailsDto(id=660e8400-e29b-41d4-a716-446655440007, productName=Webcam 4K Pro, categoryName=Peripherals, categoryId=550e8400-e29b-41d4-a716-446655440006, price=7000.00, comparePrice=null, availableStock=88, createdAt=2026-03-27T16:17:28.391757, status=ACTIVE, productImageUrl=https://img.stockflow.in/prod/webcam-4k.jpg)
2026-04-10 22:54:58.800 INFO  [http-nio-4000-exec-5] c.e.productservice.service.ProductQuery - ProductDetailsDto(id=660e8400-e29b-41d4-a716-446655440008, productName=Wireless Gaming Mouse, categoryName=Peripherals, categoryId=550e8400-e29b-41d4-a716-446655440006, price=4299.00, comparePrice=null, availableStock=40, createdAt=2026-03-21T16:17:28.391757, status=ACTIVE, productImageUrl=https://img.stockflow.in/prod/gaming-mouse.jpg)
2026-04-10 22:54:58.800 INFO  [http-nio-4000-exec-5] c.e.productservice.service.ProductQuery - ProductDetailsDto(id=660e8400-e29b-41d4-a716-446655440011, productName=Laptop Stand Aluminium, categoryName=Accessories, categoryId=550e8400-e29b-41d4-a716-446655440003, price=699.00, comparePrice=null, availableStock=132, createdAt=2026-03-17T16:17:28.391757, status=ACTIVE, productImageUrl=https://img.stockflow.in/prod/laptop-stand.jpg)
2026-04-10 22:54:58.800 INFO  [http-nio-4000-exec-5] c.e.productservice.service.ProductQuery - ProductDetailsDto(id=660e8400-e29b-41d4-a716-446655440013, productName=Laptop Sleeve 15-inch, categoryName=Accessories, categoryId=550e8400-e29b-41d4-a716-446655440003, price=899.00, comparePrice=null, availableStock=65, createdAt=2026-03-04T16:17:28.391757, status=ACTIVE, productImageUrl=https://img.stockflow.in/prod/laptop-sleeve.jpg)
2026-04-10 22:54:58.800 INFO  [http-nio-4000-exec-5] c.e.productservice.service.ProductQuery - ProductDetailsDto(id=660e8400-e29b-41d4-a716-446655440014, productName=Cable Organizer Kit, categoryName=Accessories, categoryId=550e8400-e29b-41d4-a716-446655440003, price=249.00, comparePrice=null, availableStock=120, createdAt=2026-02-27T16:17:28.391757, status=ACTIVE, productImageUrl=https://img.stockflow.in/prod/cable-organizer.jpg)
2026-04-10 22:54:58.800 INFO  [http-nio-4000-exec-5] c.e.productservice.service.ProductQuery - ProductDetailsDto(id=660e8400-e29b-41d4-a716-446655440016, productName=LED Strip RGB 5m, categoryName=Lighting, categoryId=550e8400-e29b-41d4-a716-446655440004, price=1299.00, comparePrice=null, availableStock=72, createdAt=2026-03-11T16:17:28.391757, status=ACTIVE, productImageUrl=https://img.stockflow.in/prod/led-strip.jpg)
2026-04-10 22:54:58.800 INFO  [http-nio-4000-exec-5] c.e.productservice.service.ProductQuery - ProductDetailsDto(id=660e8400-e29b-41d4-a716-446655440017, productName=Monitor Light Bar, categoryName=Lighting, categoryId=550e8400-e29b-41d4-a716-446655440004, price=2499.00, comparePrice=null, availableStock=35, createdAt=2026-03-25T16:17:28.391757, status=ACTIVE, productImageUrl=https://img.stockflow.in/prod/monitor-light.jpg)
2026-04-10 22:54:58.801 INFO  [http-nio-4000-exec-5] c.e.productservice.service.ProductQuery - ProductDetailsDto(id=660e8400-e29b-41d4-a716-446655440018, productName=USB-A to USB-C Cable, categoryName=Cables, categoryId=550e8400-e29b-41d4-a716-446655440005, price=199.00, comparePrice=null, availableStock=295, createdAt=2026-02-17T16:17:28.391757, status=ACTIVE, productImageUrl=https://img.stockflow.in/prod/usb-c-cable.jpg)
2026-04-10 22:54:58.801 INFO  [http-nio-4000-exec-5] c.e.productservice.service.ProductQuery - ProductDetailsDto(id=660e8400-e29b-41d4-a716-446655440019, productName=HDMI 2.1 Cable 2m, categoryName=Cables, categoryId=550e8400-e29b-41d4-a716-446655440005, price=599.00, comparePrice=null, availableStock=205, createdAt=2026-03-07T16:17:28.391757, status=ACTIVE, productImageUrl=https://img.stockflow.in/prod/hdmi-cable.jpg)
2026-04-10 22:54:58.801 INFO  [http-nio-4000-exec-5] c.e.productservice.service.ProductQuery - ProductDetailsDto(id=660e8400-e29b-41d4-a716-446655440020, productName=Lightning to USB-C Cable, categoryName=Cables, categoryId=550e8400-e29b-41d4-a716-446655440005, price=799.00, comparePrice=999.00, availableStock=90, createdAt=2026-03-23T16:17:28.391757, status=ACTIVE, productImageUrl=https://img.stockflow.in/prod/lightning-cable.jpg)
2026-04-10 22:55:12.711 INFO  [http-nio-4000-exec-6] c.e.productservice.service.ProductQuery - ProductDetailsDto(id=660e8400-e29b-41d4-a716-446655440005, productName=Wired Gaming Headset, categoryName=Audio, categoryId=550e8400-e29b-41d4-a716-446655440002, price=2199.00, comparePrice=2999.00, availableStock=0, createdAt=2026-03-24T16:17:28.391757, status=OUT_OF_STOCK, productImageUrl=https://img.stockflow.in/prod/gaming-headset.jpg)
2026-04-10 22:55:12.711 INFO  [http-nio-4000-exec-6] c.e.productservice.service.ProductQuery - ProductDetailsDto(id=660e8400-e29b-41d4-a716-446655440009, productName=Ergonomic Trackball, categoryName=Peripherals, categoryId=550e8400-e29b-41d4-a716-446655440006, price=3599.00, comparePrice=null, availableStock=0, createdAt=2026-02-22T16:17:28.391757, status=DISCONTINUED, productImageUrl=https://img.stockflow.in/prod/trackball.jpg)
2026-04-10 22:55:31.486 INFO  [SpringApplicationShutdownHook] o.s.boot.tomcat.GracefulShutdown - Commencing graceful shutdown. Waiting for active requests to complete
2026-04-10 22:55:31.489 INFO  [tomcat-shutdown] o.s.boot.tomcat.GracefulShutdown - Graceful shutdown complete
2026-04-10 22:55:31.491 INFO  [SpringApplicationShutdownHook] o.s.o.j.LocalContainerEntityManagerFactoryBean - Closing JPA EntityManagerFactory for persistence unit 'default'
2026-04-10 22:55:31.492 INFO  [SpringApplicationShutdownHook] com.zaxxer.hikari.HikariDataSource - HikariPool-1 - Shutdown initiated...
2026-04-10 22:55:31.492 INFO  [SpringApplicationShutdownHook] com.zaxxer.hikari.HikariDataSource - HikariPool-1 - Shutdown completed.
