2026-04-10 15:55:45.572 WARN  [restartedMain] org.hibernate.orm.deprecation - HHH90000025: PostgreSQLDialect does not need to be specified explicitly using 'hibernate.dialect' (remove the property setting and it will be selected by default)
2026-04-10 15:55:45.693 WARN  [restartedMain] o.s.b.w.s.s.c.AnnotationConfigServletWebServerApplicationContext - Exception encountered during context initialization - cancelling refresh attempt: org.springframework.beans.factory.BeanCreationException: Error creating bean with name 'entityManagerFactory' defined in class path resource [org/springframework/boot/hibernate/autoconfigure/HibernateJpaConfiguration.class]: Unable to build Hibernate SessionFactory  [persistence unit: default] ; nested exception is org.hibernate.MappingException: Column 'category_id' is duplicated in mapping for entity 'com.ecom.productservice.model.Product' (use '@Column(insertable=false, updatable=false)' when mapping multiple properties to the same column)
2026-04-10 16:50:27.779 WARN  [restartedMain] org.hibernate.orm.deprecation - HHH90000025: PostgreSQLDialect does not need to be specified explicitly using 'hibernate.dialect' (remove the property setting and it will be selected by default)
2026-04-10 16:50:28.801 WARN  [restartedMain] o.s.b.w.s.s.c.AnnotationConfigServletWebServerApplicationContext - Exception encountered during context initialization - cancelling refresh attempt: org.springframework.beans.factory.UnsatisfiedDependencyException: Error creating bean with name 'productDisplay' defined in file [/Users/nikitasuryawanshi/Projects/Order and Inventory Management System/Ecommerce/Ecom_Backend/product-service/target/classes/com/ecom/productservice/controller/ProductDisplay.class]: Unsatisfied dependency expressed through constructor parameter 0: Error creating bean with name 'productQuery' defined in file [/Users/nikitasuryawanshi/Projects/Order and Inventory Management System/Ecommerce/Ecom_Backend/product-service/target/classes/com/ecom/productservice/service/ProductQuery.class]: Unsatisfied dependency expressed through constructor parameter 0: Error creating bean with name 'productRepo' defined in com.ecom.productservice.repo.ProductRepo defined in @EnableJpaRepositories declared on DataJpaRepositoriesRegistrar.EnableJpaRepositoriesConfiguration: At 17:0 and token 'SORTBY', extraneous input 'SORTBY' expecting <EOF>; Bad HQL grammar [SELECT new com.ecom.productservice.Dto.ProductDetailsDto
    (
    p.id,
    p.productName,
    c.categoryName,
    c.id,
    p.price,
    p.comparePrice,
    (i.quantity - i.reservedQuantity),
    p.createdAt,
    p.status,
    p.imageUrl
    )
FROM Product p
JOIN Inventory i on i.product = p
JOIN Category c on p.categoryId = c.id
SORTBY
]
2026-04-10 16:51:14.410 WARN  [restartedMain] org.hibernate.orm.deprecation - HHH90000025: PostgreSQLDialect does not need to be specified explicitly using 'hibernate.dialect' (remove the property setting and it will be selected by default)
2026-04-10 16:51:15.325 WARN  [restartedMain] o.s.b.w.s.s.c.AnnotationConfigServletWebServerApplicationContext - Exception encountered during context initialization - cancelling refresh attempt: org.springframework.beans.factory.UnsatisfiedDependencyException: Error creating bean with name 'productDisplay' defined in file [/Users/nikitasuryawanshi/Projects/Order and Inventory Management System/Ecommerce/Ecom_Backend/product-service/target/classes/com/ecom/productservice/controller/ProductDisplay.class]: Unsatisfied dependency expressed through constructor parameter 0: Error creating bean with name 'productQuery' defined in file [/Users/nikitasuryawanshi/Projects/Order and Inventory Management System/Ecommerce/Ecom_Backend/product-service/target/classes/com/ecom/productservice/service/ProductQuery.class]: Unsatisfied dependency expressed through constructor parameter 3: No qualifying bean of type 'com.ecom.productservice.specifications.ProductSpecifications' available: expected at least 1 bean which qualifies as autowire candidate. Dependency annotations: {}
2026-04-10 16:54:17.768 WARN  [restartedMain] org.hibernate.orm.deprecation - HHH90000025: PostgreSQLDialect does not need to be specified explicitly using 'hibernate.dialect' (remove the property setting and it will be selected by default)
2026-04-10 16:54:18.717 WARN  [restartedMain] o.s.b.w.s.s.c.AnnotationConfigServletWebServerApplicationContext - Exception encountered during context initialization - cancelling refresh attempt: org.springframework.beans.factory.UnsatisfiedDependencyException: Error creating bean with name 'productDisplay' defined in file [/Users/nikitasuryawanshi/Projects/Order and Inventory Management System/Ecommerce/Ecom_Backend/product-service/target/classes/com/ecom/productservice/controller/ProductDisplay.class]: Unsatisfied dependency expressed through constructor parameter 0: Error creating bean with name 'productQuery' defined in file [/Users/nikitasuryawanshi/Projects/Order and Inventory Management System/Ecommerce/Ecom_Backend/product-service/target/classes/com/ecom/productservice/service/ProductQuery.class]: Unsatisfied dependency expressed through constructor parameter 4: No qualifying bean of type 'com.ecom.productservice.Mapper.ProductMapper' available: expected at least 1 bean which qualifies as autowire candidate. Dependency annotations: {}
2026-04-10 16:54:33.821 WARN  [restartedMain] org.hibernate.orm.deprecation - HHH90000025: PostgreSQLDialect does not need to be specified explicitly using 'hibernate.dialect' (remove the property setting and it will be selected by default)
2026-04-10 16:54:34.775 WARN  [restartedMain] o.s.b.j.a.JpaBaseConfiguration$JpaWebConfiguration - spring.jpa.open-in-view is enabled by default. Therefore, database queries may be performed during view rendering. Explicitly configure spring.jpa.open-in-view to disable this warning
2026-04-10 16:54:34.967 WARN  [restartedMain] o.s.core.events.SpringDocAppInitializer - SpringDoc /v3/api-docs endpoint is enabled by default. To disable it in production, set the property 'springdoc.api-docs.enabled=false'
2026-04-10 16:54:34.967 WARN  [restartedMain] o.s.core.events.SpringDocAppInitializer - SpringDoc /swagger-ui.html endpoint is enabled by default. To disable it in production, set the property 'springdoc.swagger-ui.enabled=false'
2026-04-10 17:00:21.670 WARN  [restartedMain] org.hibernate.orm.deprecation - HHH90000025: PostgreSQLDialect does not need to be specified explicitly using 'hibernate.dialect' (remove the property setting and it will be selected by default)
2026-04-10 17:00:22.620 WARN  [restartedMain] o.s.b.j.a.JpaBaseConfiguration$JpaWebConfiguration - spring.jpa.open-in-view is enabled by default. Therefore, database queries may be performed during view rendering. Explicitly configure spring.jpa.open-in-view to disable this warning
2026-04-10 17:00:22.792 WARN  [restartedMain] o.s.core.events.SpringDocAppInitializer - SpringDoc /v3/api-docs endpoint is enabled by default. To disable it in production, set the property 'springdoc.api-docs.enabled=false'
2026-04-10 17:00:22.792 WARN  [restartedMain] o.s.core.events.SpringDocAppInitializer - SpringDoc /swagger-ui.html endpoint is enabled by default. To disable it in production, set the property 'springdoc.swagger-ui.enabled=false'
2026-04-10 21:42:07.976 WARN  [restartedMain] org.hibernate.orm.deprecation - HHH90000025: PostgreSQLDialect does not need to be specified explicitly using 'hibernate.dialect' (remove the property setting and it will be selected by default)
2026-04-10 21:42:08.933 WARN  [restartedMain] o.s.b.j.a.JpaBaseConfiguration$JpaWebConfiguration - spring.jpa.open-in-view is enabled by default. Therefore, database queries may be performed during view rendering. Explicitly configure spring.jpa.open-in-view to disable this warning
2026-04-10 21:42:09.097 WARN  [restartedMain] o.s.core.events.SpringDocAppInitializer - SpringDoc /v3/api-docs endpoint is enabled by default. To disable it in production, set the property 'springdoc.api-docs.enabled=false'
2026-04-10 21:42:09.097 WARN  [restartedMain] o.s.core.events.SpringDocAppInitializer - SpringDoc /swagger-ui.html endpoint is enabled by default. To disable it in production, set the property 'springdoc.swagger-ui.enabled=false'
2026-04-10 22:48:08.922 WARN  [restartedMain] org.hibernate.orm.deprecation - HHH90000025: PostgreSQLDialect does not need to be specified explicitly using 'hibernate.dialect' (remove the property setting and it will be selected by default)
2026-04-10 22:48:09.895 WARN  [restartedMain] o.s.b.j.a.JpaBaseConfiguration$JpaWebConfiguration - spring.jpa.open-in-view is enabled by default. Therefore, database queries may be performed during view rendering. Explicitly configure spring.jpa.open-in-view to disable this warning
2026-04-10 22:48:10.073 WARN  [restartedMain] o.s.core.events.SpringDocAppInitializer - SpringDoc /v3/api-docs endpoint is enabled by default. To disable it in production, set the property 'springdoc.api-docs.enabled=false'
2026-04-10 22:48:10.073 WARN  [restartedMain] o.s.core.events.SpringDocAppInitializer - SpringDoc /swagger-ui.html endpoint is enabled by default. To disable it in production, set the property 'springdoc.swagger-ui.enabled=false'
2026-04-10 22:53:15.674 WARN  [restartedMain] org.hibernate.orm.deprecation - HHH90000025: PostgreSQLDialect does not need to be specified explicitly using 'hibernate.dialect' (remove the property setting and it will be selected by default)
2026-04-10 22:53:16.629 WARN  [restartedMain] o.s.b.j.a.JpaBaseConfiguration$JpaWebConfiguration - spring.jpa.open-in-view is enabled by default. Therefore, database queries may be performed during view rendering. Explicitly configure spring.jpa.open-in-view to disable this warning
2026-04-10 22:53:16.800 WARN  [restartedMain] o.s.core.events.SpringDocAppInitializer - SpringDoc /v3/api-docs endpoint is enabled by default. To disable it in production, set the property 'springdoc.api-docs.enabled=false'
2026-04-10 22:53:16.800 WARN  [restartedMain] o.s.core.events.SpringDocAppInitializer - SpringDoc /swagger-ui.html endpoint is enabled by default. To disable it in production, set the property 'springdoc.swagger-ui.enabled=false'
