2026-04-07 15:38:02.680 INFO  [restartedMain] c.e.p.ProductServiceApplication - Starting ProductServiceApplication using Java 21.0.10 with PID 6509 (/Users/nikitasuryawanshi/Projects/Order and Inventory Management System/Ecommerce/Ecom_Backend/product-service/target/classes started by nikitasuryawanshi in /Users/nikitasuryawanshi/Projects/Order and Inventory Management System/Ecommerce/Ecom_Backend/product-service)
2026-04-07 15:38:02.680 INFO  [restartedMain] c.e.p.ProductServiceApplication - No active profile set, falling back to 1 default profile: "default"
2026-04-07 15:38:02.694 INFO  [restartedMain] o.s.b.d.e.DevToolsPropertyDefaultsPostProcessor - Devtools property defaults active! Set 'spring.devtools.add-properties' to 'false' to disable
2026-04-07 15:38:02.695 INFO  [restartedMain] o.s.b.d.e.DevToolsPropertyDefaultsPostProcessor - For additional web related logging consider setting the 'logging.level.web' property to 'DEBUG'
2026-04-07 15:38:02.808 INFO  [background-preinit] o.h.validator.internal.util.Version - HV000001: Hibernate Validator 9.0.1.Final
2026-04-07 15:38:02.962 INFO  [restartedMain] o.s.d.r.c.RepositoryConfigurationDelegate - Bootstrapping Spring Data JPA repositories in DEFAULT mode.
2026-04-07 15:38:02.983 INFO  [restartedMain] o.s.d.r.c.RepositoryConfigurationDelegate - Finished Spring Data repository scanning in 17 ms. Found 3 JPA repository interfaces.
2026-04-07 15:38:03.149 INFO  [restartedMain] o.s.boot.tomcat.TomcatWebServer - Tomcat initialized with port 4000 (http)
2026-04-07 15:38:03.153 INFO  [restartedMain] o.apache.coyote.http11.Http11NioProtocol - Initializing ProtocolHandler ["http-nio-4000"]
2026-04-07 15:38:03.154 INFO  [restartedMain] o.apache.catalina.core.StandardService - Starting service [Tomcat]
2026-04-07 15:38:03.154 INFO  [restartedMain] org.apache.catalina.core.StandardEngine - Starting Servlet engine: [Apache Tomcat/11.0.18]
2026-04-07 15:38:03.166 INFO  [restartedMain] o.s.b.w.c.s.WebApplicationContextInitializer - Root WebApplicationContext: initialization completed in 471 ms
2026-04-07 15:38:03.230 INFO  [restartedMain] org.hibernate.orm.jpa - HHH008540: Processing PersistenceUnitInfo [name: default]
2026-04-07 15:38:03.254 INFO  [restartedMain] org.hibernate.orm.core - HHH000001: Hibernate ORM core version 7.2.7.Final
2026-04-07 15:38:03.407 INFO  [restartedMain] o.s.o.j.p.SpringPersistenceUnitInfo - No LoadTimeWeaver setup: ignoring JPA class transformer
2026-04-07 15:38:03.423 INFO  [restartedMain] com.zaxxer.hikari.HikariDataSource - HikariPool-1 - Starting...
2026-04-07 15:38:03.481 INFO  [restartedMain] com.zaxxer.hikari.pool.HikariPool - HikariPool-1 - Added connection org.postgresql.jdbc.PgConnection@62c81ba2
2026-04-07 15:38:03.481 INFO  [restartedMain] com.zaxxer.hikari.HikariDataSource - HikariPool-1 - Start completed.
2026-04-07 15:38:03.505 INFO  [restartedMain] org.hibernate.orm.connections.pooling - HHH10001005: Database info:
	Database JDBC URL [jdbc:postgresql://localhost:5432/e-commerce]
	Database driver: PostgreSQL JDBC Driver
	Database dialect: PostgreSQLDialect
	Database version: 17.5
	Default catalog/schema: e-commerce/public
	Autocommit mode: undefined/unknown
	Isolation level: READ_COMMITTED [default READ_COMMITTED]
	JDBC fetch size: none
	Pool: DataSourceConnectionProvider
	Minimum pool size: undefined/unknown
	Maximum pool size: undefined/unknown
2026-04-07 15:38:03.866 INFO  [restartedMain] org.hibernate.orm.core - HHH000489: No JTA platform available (set 'hibernate.transaction.jta.platform' to enable JTA platform integration)
2026-04-07 15:38:03.923 INFO  [restartedMain] o.s.o.j.LocalContainerEntityManagerFactoryBean - Initialized JPA EntityManagerFactory for persistence unit 'default'
2026-04-07 15:38:03.957 INFO  [restartedMain] o.s.d.j.r.query.QueryEnhancerFactories - Hibernate is in classpath; If applicable, HQL parser will be used.
2026-04-07 15:38:04.223 INFO  [restartedMain] o.s.o.j.LocalContainerEntityManagerFactoryBean - Closing JPA EntityManagerFactory for persistence unit 'default'
2026-04-07 15:38:04.224 INFO  [restartedMain] com.zaxxer.hikari.HikariDataSource - HikariPool-1 - Shutdown initiated...
2026-04-07 15:38:04.225 INFO  [restartedMain] com.zaxxer.hikari.HikariDataSource - HikariPool-1 - Shutdown completed.
2026-04-07 15:38:04.226 INFO  [restartedMain] o.apache.catalina.core.StandardService - Stopping service [Tomcat]
2026-04-07 15:38:04.229 INFO  [restartedMain] o.s.b.a.l.ConditionEvaluationReportLogger - 

Error starting ApplicationContext. To display the condition evaluation report re-run your application with 'debug' enabled.
2026-04-07 15:50:26.479 INFO  [restartedMain] c.e.p.ProductServiceApplication - Starting ProductServiceApplication using Java 21.0.10 with PID 6686 (/Users/nikitasuryawanshi/Projects/Order and Inventory Management System/Ecommerce/Ecom_Backend/product-service/target/classes started by nikitasuryawanshi in /Users/nikitasuryawanshi/Projects/Order and Inventory Management System/Ecommerce/Ecom_Backend/product-service)
2026-04-07 15:50:26.480 INFO  [restartedMain] c.e.p.ProductServiceApplication - No active profile set, falling back to 1 default profile: "default"
2026-04-07 15:50:26.494 INFO  [restartedMain] o.s.b.d.e.DevToolsPropertyDefaultsPostProcessor - Devtools property defaults active! Set 'spring.devtools.add-properties' to 'false' to disable
2026-04-07 15:50:26.494 INFO  [restartedMain] o.s.b.d.e.DevToolsPropertyDefaultsPostProcessor - For additional web related logging consider setting the 'logging.level.web' property to 'DEBUG'
2026-04-07 15:50:26.605 INFO  [background-preinit] o.h.validator.internal.util.Version - HV000001: Hibernate Validator 9.0.1.Final
2026-04-07 15:50:26.756 INFO  [restartedMain] o.s.d.r.c.RepositoryConfigurationDelegate - Bootstrapping Spring Data JPA repositories in DEFAULT mode.
2026-04-07 15:50:26.772 INFO  [restartedMain] o.s.d.r.c.RepositoryConfigurationDelegate - Finished Spring Data repository scanning in 13 ms. Found 3 JPA repository interfaces.
2026-04-07 15:50:26.919 INFO  [restartedMain] o.s.boot.tomcat.TomcatWebServer - Tomcat initialized with port 4000 (http)
2026-04-07 15:50:26.924 INFO  [restartedMain] o.apache.coyote.http11.Http11NioProtocol - Initializing ProtocolHandler ["http-nio-4000"]
2026-04-07 15:50:26.925 INFO  [restartedMain] o.apache.catalina.core.StandardService - Starting service [Tomcat]
2026-04-07 15:50:26.925 INFO  [restartedMain] org.apache.catalina.core.StandardEngine - Starting Servlet engine: [Apache Tomcat/11.0.18]
2026-04-07 15:50:26.936 INFO  [restartedMain] o.s.b.w.c.s.WebApplicationContextInitializer - Root WebApplicationContext: initialization completed in 442 ms
2026-04-07 15:50:26.995 INFO  [restartedMain] org.hibernate.orm.jpa - HHH008540: Processing PersistenceUnitInfo [name: default]
2026-04-07 15:50:27.017 INFO  [restartedMain] org.hibernate.orm.core - HHH000001: Hibernate ORM core version 7.2.7.Final
2026-04-07 15:50:27.166 INFO  [restartedMain] o.s.o.j.p.SpringPersistenceUnitInfo - No LoadTimeWeaver setup: ignoring JPA class transformer
2026-04-07 15:50:27.177 INFO  [restartedMain] com.zaxxer.hikari.HikariDataSource - HikariPool-1 - Starting...
2026-04-07 15:50:27.236 INFO  [restartedMain] com.zaxxer.hikari.pool.HikariPool - HikariPool-1 - Added connection org.postgresql.jdbc.PgConnection@56cc3313
2026-04-07 15:50:27.237 INFO  [restartedMain] com.zaxxer.hikari.HikariDataSource - HikariPool-1 - Start completed.
2026-04-07 15:50:27.257 INFO  [restartedMain] org.hibernate.orm.connections.pooling - HHH10001005: Database info:
	Database JDBC URL [jdbc:postgresql://localhost:5432/e-commerce]
	Database driver: PostgreSQL JDBC Driver
	Database dialect: PostgreSQLDialect
	Database version: 17.5
	Default catalog/schema: e-commerce/public
	Autocommit mode: undefined/unknown
	Isolation level: READ_COMMITTED [default READ_COMMITTED]
	JDBC fetch size: none
	Pool: DataSourceConnectionProvider
	Minimum pool size: undefined/unknown
	Maximum pool size: undefined/unknown
2026-04-07 15:50:27.598 INFO  [restartedMain] org.hibernate.orm.core - HHH000489: No JTA platform available (set 'hibernate.transaction.jta.platform' to enable JTA platform integration)
2026-04-07 15:50:27.647 INFO  [restartedMain] o.s.o.j.LocalContainerEntityManagerFactoryBean - Initialized JPA EntityManagerFactory for persistence unit 'default'
2026-04-07 15:50:27.677 INFO  [restartedMain] o.s.d.j.r.query.QueryEnhancerFactories - Hibernate is in classpath; If applicable, HQL parser will be used.
2026-04-07 15:50:28.146 INFO  [restartedMain] o.s.o.j.LocalContainerEntityManagerFactoryBean - Closing JPA EntityManagerFactory for persistence unit 'default'
2026-04-07 15:50:28.147 INFO  [restartedMain] com.zaxxer.hikari.HikariDataSource - HikariPool-1 - Shutdown initiated...
2026-04-07 15:50:28.149 INFO  [restartedMain] com.zaxxer.hikari.HikariDataSource - HikariPool-1 - Shutdown completed.
2026-04-07 15:50:28.149 INFO  [restartedMain] o.apache.catalina.core.StandardService - Stopping service [Tomcat]
2026-04-07 15:50:28.154 INFO  [restartedMain] o.s.b.a.l.ConditionEvaluationReportLogger - 

Error starting ApplicationContext. To display the condition evaluation report re-run your application with 'debug' enabled.
2026-04-07 15:55:11.282 INFO  [restartedMain] c.e.p.ProductServiceApplication - Starting ProductServiceApplication using Java 21.0.10 with PID 6761 (/Users/nikitasuryawanshi/Projects/Order and Inventory Management System/Ecommerce/Ecom_Backend/product-service/target/classes started by nikitasuryawanshi in /Users/nikitasuryawanshi/Projects/Order and Inventory Management System/Ecommerce/Ecom_Backend/product-service)
2026-04-07 15:55:11.283 INFO  [restartedMain] c.e.p.ProductServiceApplication - No active profile set, falling back to 1 default profile: "default"
2026-04-07 15:55:11.299 INFO  [restartedMain] o.s.b.d.e.DevToolsPropertyDefaultsPostProcessor - Devtools property defaults active! Set 'spring.devtools.add-properties' to 'false' to disable
2026-04-07 15:55:11.300 INFO  [restartedMain] o.s.b.d.e.DevToolsPropertyDefaultsPostProcessor - For additional web related logging consider setting the 'logging.level.web' property to 'DEBUG'
2026-04-07 15:55:11.405 INFO  [background-preinit] o.h.validator.internal.util.Version - HV000001: Hibernate Validator 9.0.1.Final
2026-04-07 15:55:11.564 INFO  [restartedMain] o.s.d.r.c.RepositoryConfigurationDelegate - Bootstrapping Spring Data JPA repositories in DEFAULT mode.
2026-04-07 15:55:11.580 INFO  [restartedMain] o.s.d.r.c.RepositoryConfigurationDelegate - Finished Spring Data repository scanning in 12 ms. Found 3 JPA repository interfaces.
2026-04-07 15:55:11.725 INFO  [restartedMain] o.s.boot.tomcat.TomcatWebServer - Tomcat initialized with port 4000 (http)
2026-04-07 15:55:11.729 INFO  [restartedMain] o.apache.coyote.http11.Http11NioProtocol - Initializing ProtocolHandler ["http-nio-4000"]
2026-04-07 15:55:11.729 INFO  [restartedMain] o.apache.catalina.core.StandardService - Starting service [Tomcat]
2026-04-07 15:55:11.730 INFO  [restartedMain] org.apache.catalina.core.StandardEngine - Starting Servlet engine: [Apache Tomcat/11.0.18]
2026-04-07 15:55:11.741 INFO  [restartedMain] o.s.b.w.c.s.WebApplicationContextInitializer - Root WebApplicationContext: initialization completed in 441 ms
2026-04-07 15:55:11.795 INFO  [restartedMain] org.hibernate.orm.jpa - HHH008540: Processing PersistenceUnitInfo [name: default]
2026-04-07 15:55:11.815 INFO  [restartedMain] org.hibernate.orm.core - HHH000001: Hibernate ORM core version 7.2.7.Final
2026-04-07 15:55:11.958 INFO  [restartedMain] o.s.o.j.p.SpringPersistenceUnitInfo - No LoadTimeWeaver setup: ignoring JPA class transformer
2026-04-07 15:55:11.969 INFO  [restartedMain] com.zaxxer.hikari.HikariDataSource - HikariPool-1 - Starting...
2026-04-07 15:55:12.020 INFO  [restartedMain] com.zaxxer.hikari.pool.HikariPool - HikariPool-1 - Added connection org.postgresql.jdbc.PgConnection@67648fa3
2026-04-07 15:55:12.020 INFO  [restartedMain] com.zaxxer.hikari.HikariDataSource - HikariPool-1 - Start completed.
2026-04-07 15:55:12.039 INFO  [restartedMain] org.hibernate.orm.connections.pooling - HHH10001005: Database info:
	Database JDBC URL [jdbc:postgresql://localhost:5432/e-commerce]
	Database driver: PostgreSQL JDBC Driver
	Database dialect: PostgreSQLDialect
	Database version: 17.5
	Default catalog/schema: e-commerce/public
	Autocommit mode: undefined/unknown
	Isolation level: READ_COMMITTED [default READ_COMMITTED]
	JDBC fetch size: none
	Pool: DataSourceConnectionProvider
	Minimum pool size: undefined/unknown
	Maximum pool size: undefined/unknown
2026-04-07 15:55:12.369 INFO  [restartedMain] org.hibernate.orm.core - HHH000489: No JTA platform available (set 'hibernate.transaction.jta.platform' to enable JTA platform integration)
2026-04-07 15:55:12.415 INFO  [restartedMain] o.s.o.j.LocalContainerEntityManagerFactoryBean - Initialized JPA EntityManagerFactory for persistence unit 'default'
2026-04-07 15:55:12.443 INFO  [restartedMain] o.s.d.j.r.query.QueryEnhancerFactories - Hibernate is in classpath; If applicable, HQL parser will be used.
2026-04-07 15:55:12.919 INFO  [restartedMain] o.s.o.j.LocalContainerEntityManagerFactoryBean - Closing JPA EntityManagerFactory for persistence unit 'default'
2026-04-07 15:55:12.920 INFO  [restartedMain] com.zaxxer.hikari.HikariDataSource - HikariPool-1 - Shutdown initiated...
2026-04-07 15:55:12.921 INFO  [restartedMain] com.zaxxer.hikari.HikariDataSource - HikariPool-1 - Shutdown completed.
2026-04-07 15:55:12.922 INFO  [restartedMain] o.apache.catalina.core.StandardService - Stopping service [Tomcat]
2026-04-07 15:55:12.925 INFO  [restartedMain] o.s.b.a.l.ConditionEvaluationReportLogger - 

Error starting ApplicationContext. To display the condition evaluation report re-run your application with 'debug' enabled.
2026-04-07 15:55:35.133 INFO  [restartedMain] c.e.p.ProductServiceApplication - Starting ProductServiceApplication using Java 21.0.10 with PID 6778 (/Users/nikitasuryawanshi/Projects/Order and Inventory Management System/Ecommerce/Ecom_Backend/product-service/target/classes started by nikitasuryawanshi in /Users/nikitasuryawanshi/Projects/Order and Inventory Management System/Ecommerce/Ecom_Backend/product-service)
2026-04-07 15:55:35.134 INFO  [restartedMain] c.e.p.ProductServiceApplication - No active profile set, falling back to 1 default profile: "default"
2026-04-07 15:55:35.149 INFO  [restartedMain] o.s.b.d.e.DevToolsPropertyDefaultsPostProcessor - Devtools property defaults active! Set 'spring.devtools.add-properties' to 'false' to disable
2026-04-07 15:55:35.149 INFO  [restartedMain] o.s.b.d.e.DevToolsPropertyDefaultsPostProcessor - For additional web related logging consider setting the 'logging.level.web' property to 'DEBUG'
2026-04-07 15:55:35.232 INFO  [background-preinit] o.h.validator.internal.util.Version - HV000001: Hibernate Validator 9.0.1.Final
2026-04-07 15:55:35.363 INFO  [restartedMain] o.s.d.r.c.RepositoryConfigurationDelegate - Bootstrapping Spring Data JPA repositories in DEFAULT mode.
2026-04-07 15:55:35.378 INFO  [restartedMain] o.s.d.r.c.RepositoryConfigurationDelegate - Finished Spring Data repository scanning in 12 ms. Found 3 JPA repository interfaces.
2026-04-07 15:55:35.509 INFO  [restartedMain] o.s.boot.tomcat.TomcatWebServer - Tomcat initialized with port 4000 (http)
2026-04-07 15:55:35.513 INFO  [restartedMain] o.apache.coyote.http11.Http11NioProtocol - Initializing ProtocolHandler ["http-nio-4000"]
2026-04-07 15:55:35.514 INFO  [restartedMain] o.apache.catalina.core.StandardService - Starting service [Tomcat]
2026-04-07 15:55:35.514 INFO  [restartedMain] org.apache.catalina.core.StandardEngine - Starting Servlet engine: [Apache Tomcat/11.0.18]
2026-04-07 15:55:35.528 INFO  [restartedMain] o.s.b.w.c.s.WebApplicationContextInitializer - Root WebApplicationContext: initialization completed in 379 ms
2026-04-07 15:55:35.575 INFO  [restartedMain] org.hibernate.orm.jpa - HHH008540: Processing PersistenceUnitInfo [name: default]
2026-04-07 15:55:35.593 INFO  [restartedMain] org.hibernate.orm.core - HHH000001: Hibernate ORM core version 7.2.7.Final
2026-04-07 15:55:35.720 INFO  [restartedMain] o.s.o.j.p.SpringPersistenceUnitInfo - No LoadTimeWeaver setup: ignoring JPA class transformer
2026-04-07 15:55:35.729 INFO  [restartedMain] com.zaxxer.hikari.HikariDataSource - HikariPool-1 - Starting...
2026-04-07 15:55:35.773 INFO  [restartedMain] com.zaxxer.hikari.pool.HikariPool - HikariPool-1 - Added connection org.postgresql.jdbc.PgConnection@71f345b0
2026-04-07 15:55:35.773 INFO  [restartedMain] com.zaxxer.hikari.HikariDataSource - HikariPool-1 - Start completed.
2026-04-07 15:55:35.791 INFO  [restartedMain] org.hibernate.orm.connections.pooling - HHH10001005: Database info:
	Database JDBC URL [jdbc:postgresql://localhost:5432/e-commerce]
	Database driver: PostgreSQL JDBC Driver
	Database dialect: PostgreSQLDialect
	Database version: 17.5
	Default catalog/schema: e-commerce/public
	Autocommit mode: undefined/unknown
	Isolation level: READ_COMMITTED [default READ_COMMITTED]
	JDBC fetch size: none
	Pool: DataSourceConnectionProvider
	Minimum pool size: undefined/unknown
	Maximum pool size: undefined/unknown
2026-04-07 15:55:36.128 INFO  [restartedMain] org.hibernate.orm.core - HHH000489: No JTA platform available (set 'hibernate.transaction.jta.platform' to enable JTA platform integration)
2026-04-07 15:55:36.168 INFO  [restartedMain] o.s.o.j.LocalContainerEntityManagerFactoryBean - Initialized JPA EntityManagerFactory for persistence unit 'default'
2026-04-07 15:55:36.197 INFO  [restartedMain] o.s.d.j.r.query.QueryEnhancerFactories - Hibernate is in classpath; If applicable, HQL parser will be used.
2026-04-07 15:55:36.554 INFO  [restartedMain] o.s.o.j.LocalContainerEntityManagerFactoryBean - Closing JPA EntityManagerFactory for persistence unit 'default'
2026-04-07 15:55:36.555 INFO  [restartedMain] com.zaxxer.hikari.HikariDataSource - HikariPool-1 - Shutdown initiated...
2026-04-07 15:55:36.556 INFO  [restartedMain] com.zaxxer.hikari.HikariDataSource - HikariPool-1 - Shutdown completed.
2026-04-07 15:55:36.557 INFO  [restartedMain] o.apache.catalina.core.StandardService - Stopping service [Tomcat]
2026-04-07 15:55:36.560 INFO  [restartedMain] o.s.b.a.l.ConditionEvaluationReportLogger - 

Error starting ApplicationContext. To display the condition evaluation report re-run your application with 'debug' enabled.
2026-04-07 15:57:54.068 INFO  [restartedMain] c.e.p.ProductServiceApplication - Starting ProductServiceApplication using Java 21.0.10 with PID 6814 (/Users/nikitasuryawanshi/Projects/Order and Inventory Management System/Ecommerce/Ecom_Backend/product-service/target/classes started by nikitasuryawanshi in /Users/nikitasuryawanshi/Projects/Order and Inventory Management System/Ecommerce/Ecom_Backend/product-service)
2026-04-07 15:57:54.069 INFO  [restartedMain] c.e.p.ProductServiceApplication - No active profile set, falling back to 1 default profile: "default"
2026-04-07 15:57:54.086 INFO  [restartedMain] o.s.b.d.e.DevToolsPropertyDefaultsPostProcessor - Devtools property defaults active! Set 'spring.devtools.add-properties' to 'false' to disable
2026-04-07 15:57:54.086 INFO  [restartedMain] o.s.b.d.e.DevToolsPropertyDefaultsPostProcessor - For additional web related logging consider setting the 'logging.level.web' property to 'DEBUG'
2026-04-07 15:57:54.174 INFO  [background-preinit] o.h.validator.internal.util.Version - HV000001: Hibernate Validator 9.0.1.Final
2026-04-07 15:57:54.316 INFO  [restartedMain] o.s.d.r.c.RepositoryConfigurationDelegate - Bootstrapping Spring Data JPA repositories in DEFAULT mode.
2026-04-07 15:57:54.332 INFO  [restartedMain] o.s.d.r.c.RepositoryConfigurationDelegate - Finished Spring Data repository scanning in 13 ms. Found 3 JPA repository interfaces.
2026-04-07 15:57:54.474 INFO  [restartedMain] o.s.boot.tomcat.TomcatWebServer - Tomcat initialized with port 4000 (http)
2026-04-07 15:57:54.477 INFO  [restartedMain] o.apache.coyote.http11.Http11NioProtocol - Initializing ProtocolHandler ["http-nio-4000"]
2026-04-07 15:57:54.478 INFO  [restartedMain] o.apache.catalina.core.StandardService - Starting service [Tomcat]
2026-04-07 15:57:54.478 INFO  [restartedMain] org.apache.catalina.core.StandardEngine - Starting Servlet engine: [Apache Tomcat/11.0.18]
2026-04-07 15:57:54.489 INFO  [restartedMain] o.s.b.w.c.s.WebApplicationContextInitializer - Root WebApplicationContext: initialization completed in 403 ms
2026-04-07 15:57:54.546 INFO  [restartedMain] org.hibernate.orm.jpa - HHH008540: Processing PersistenceUnitInfo [name: default]
2026-04-07 15:57:54.566 INFO  [restartedMain] org.hibernate.orm.core - HHH000001: Hibernate ORM core version 7.2.7.Final
2026-04-07 15:57:54.709 INFO  [restartedMain] o.s.o.j.p.SpringPersistenceUnitInfo - No LoadTimeWeaver setup: ignoring JPA class transformer
2026-04-07 15:57:54.719 INFO  [restartedMain] com.zaxxer.hikari.HikariDataSource - HikariPool-1 - Starting...
2026-04-07 15:57:54.774 INFO  [restartedMain] com.zaxxer.hikari.pool.HikariPool - HikariPool-1 - Added connection org.postgresql.jdbc.PgConnection@25b02abf
2026-04-07 15:57:54.775 INFO  [restartedMain] com.zaxxer.hikari.HikariDataSource - HikariPool-1 - Start completed.
2026-04-07 15:57:54.794 INFO  [restartedMain] org.hibernate.orm.connections.pooling - HHH10001005: Database info:
	Database JDBC URL [jdbc:postgresql://localhost:5432/e-commerce]
	Database driver: PostgreSQL JDBC Driver
	Database dialect: PostgreSQLDialect
	Database version: 17.5
	Default catalog/schema: e-commerce/public
	Autocommit mode: undefined/unknown
	Isolation level: READ_COMMITTED [default READ_COMMITTED]
	JDBC fetch size: none
	Pool: DataSourceConnectionProvider
	Minimum pool size: undefined/unknown
	Maximum pool size: undefined/unknown
2026-04-07 15:57:55.120 INFO  [restartedMain] org.hibernate.orm.core - HHH000489: No JTA platform available (set 'hibernate.transaction.jta.platform' to enable JTA platform integration)
2026-04-07 15:57:55.161 INFO  [restartedMain] o.s.o.j.LocalContainerEntityManagerFactoryBean - Initialized JPA EntityManagerFactory for persistence unit 'default'
2026-04-07 15:57:55.189 INFO  [restartedMain] o.s.d.j.r.query.QueryEnhancerFactories - Hibernate is in classpath; If applicable, HQL parser will be used.
2026-04-07 15:57:55.743 INFO  [restartedMain] o.s.o.j.LocalContainerEntityManagerFactoryBean - Closing JPA EntityManagerFactory for persistence unit 'default'
2026-04-07 15:57:55.744 INFO  [restartedMain] com.zaxxer.hikari.HikariDataSource - HikariPool-1 - Shutdown initiated...
2026-04-07 15:57:55.745 INFO  [restartedMain] com.zaxxer.hikari.HikariDataSource - HikariPool-1 - Shutdown completed.
2026-04-07 15:57:55.746 INFO  [restartedMain] o.apache.catalina.core.StandardService - Stopping service [Tomcat]
2026-04-07 15:57:55.749 INFO  [restartedMain] o.s.b.a.l.ConditionEvaluationReportLogger - 

Error starting ApplicationContext. To display the condition evaluation report re-run your application with 'debug' enabled.
2026-04-07 15:58:10.134 INFO  [restartedMain] c.e.p.ProductServiceApplication - Starting ProductServiceApplication using Java 21.0.10 with PID 6837 (/Users/nikitasuryawanshi/Projects/Order and Inventory Management System/Ecommerce/Ecom_Backend/product-service/target/classes started by nikitasuryawanshi in /Users/nikitasuryawanshi/Projects/Order and Inventory Management System/Ecommerce/Ecom_Backend/product-service)
2026-04-07 15:58:10.135 INFO  [restartedMain] c.e.p.ProductServiceApplication - No active profile set, falling back to 1 default profile: "default"
2026-04-07 15:58:10.150 INFO  [restartedMain] o.s.b.d.e.DevToolsPropertyDefaultsPostProcessor - Devtools property defaults active! Set 'spring.devtools.add-properties' to 'false' to disable
2026-04-07 15:58:10.150 INFO  [restartedMain] o.s.b.d.e.DevToolsPropertyDefaultsPostProcessor - For additional web related logging consider setting the 'logging.level.web' property to 'DEBUG'
2026-04-07 15:58:10.240 INFO  [background-preinit] o.h.validator.internal.util.Version - HV000001: Hibernate Validator 9.0.1.Final
2026-04-07 15:58:10.386 INFO  [restartedMain] o.s.d.r.c.RepositoryConfigurationDelegate - Bootstrapping Spring Data JPA repositories in DEFAULT mode.
2026-04-07 15:58:10.403 INFO  [restartedMain] o.s.d.r.c.RepositoryConfigurationDelegate - Finished Spring Data repository scanning in 14 ms. Found 3 JPA repository interfaces.
2026-04-07 15:58:10.541 INFO  [restartedMain] o.s.boot.tomcat.TomcatWebServer - Tomcat initialized with port 4000 (http)
2026-04-07 15:58:10.545 INFO  [restartedMain] o.apache.coyote.http11.Http11NioProtocol - Initializing ProtocolHandler ["http-nio-4000"]
2026-04-07 15:58:10.546 INFO  [restartedMain] o.apache.catalina.core.StandardService - Starting service [Tomcat]
2026-04-07 15:58:10.546 INFO  [restartedMain] org.apache.catalina.core.StandardEngine - Starting Servlet engine: [Apache Tomcat/11.0.18]
2026-04-07 15:58:10.559 INFO  [restartedMain] o.s.b.w.c.s.WebApplicationContextInitializer - Root WebApplicationContext: initialization completed in 409 ms
2026-04-07 15:58:10.614 INFO  [restartedMain] org.hibernate.orm.jpa - HHH008540: Processing PersistenceUnitInfo [name: default]
2026-04-07 15:58:10.633 INFO  [restartedMain] org.hibernate.orm.core - HHH000001: Hibernate ORM core version 7.2.7.Final
2026-04-07 15:58:10.778 INFO  [restartedMain] o.s.o.j.p.SpringPersistenceUnitInfo - No LoadTimeWeaver setup: ignoring JPA class transformer
2026-04-07 15:58:10.788 INFO  [restartedMain] com.zaxxer.hikari.HikariDataSource - HikariPool-1 - Starting...
2026-04-07 15:58:10.839 INFO  [restartedMain] com.zaxxer.hikari.pool.HikariPool - HikariPool-1 - Added connection org.postgresql.jdbc.PgConnection@3ca29e71
2026-04-07 15:58:10.839 INFO  [restartedMain] com.zaxxer.hikari.HikariDataSource - HikariPool-1 - Start completed.
2026-04-07 15:58:10.859 INFO  [restartedMain] org.hibernate.orm.connections.pooling - HHH10001005: Database info:
	Database JDBC URL [jdbc:postgresql://localhost:5432/e-commerce]
	Database driver: PostgreSQL JDBC Driver
	Database dialect: PostgreSQLDialect
	Database version: 17.5
	Default catalog/schema: e-commerce/public
	Autocommit mode: undefined/unknown
	Isolation level: READ_COMMITTED [default READ_COMMITTED]
	JDBC fetch size: none
	Pool: DataSourceConnectionProvider
	Minimum pool size: undefined/unknown
	Maximum pool size: undefined/unknown
2026-04-07 15:58:11.189 INFO  [restartedMain] org.hibernate.orm.core - HHH000489: No JTA platform available (set 'hibernate.transaction.jta.platform' to enable JTA platform integration)
2026-04-07 15:58:11.229 INFO  [restartedMain] o.s.o.j.LocalContainerEntityManagerFactoryBean - Initialized JPA EntityManagerFactory for persistence unit 'default'
2026-04-07 15:58:11.256 INFO  [restartedMain] o.s.d.j.r.query.QueryEnhancerFactories - Hibernate is in classpath; If applicable, HQL parser will be used.
2026-04-07 15:58:11.756 INFO  [restartedMain] o.s.o.j.LocalContainerEntityManagerFactoryBean - Closing JPA EntityManagerFactory for persistence unit 'default'
2026-04-07 15:58:11.757 INFO  [restartedMain] com.zaxxer.hikari.HikariDataSource - HikariPool-1 - Shutdown initiated...
2026-04-07 15:58:11.758 INFO  [restartedMain] com.zaxxer.hikari.HikariDataSource - HikariPool-1 - Shutdown completed.
2026-04-07 15:58:11.759 INFO  [restartedMain] o.apache.catalina.core.StandardService - Stopping service [Tomcat]
2026-04-07 15:58:11.762 INFO  [restartedMain] o.s.b.a.l.ConditionEvaluationReportLogger - 

Error starting ApplicationContext. To display the condition evaluation report re-run your application with 'debug' enabled.
2026-04-07 15:58:48.410 INFO  [restartedMain] c.e.p.ProductServiceApplication - Starting ProductServiceApplication using Java 21.0.10 with PID 6854 (/Users/nikitasuryawanshi/Projects/Order and Inventory Management System/Ecommerce/Ecom_Backend/product-service/target/classes started by nikitasuryawanshi in /Users/nikitasuryawanshi/Projects/Order and Inventory Management System/Ecommerce/Ecom_Backend/product-service)
2026-04-07 15:58:48.411 INFO  [restartedMain] c.e.p.ProductServiceApplication - No active profile set, falling back to 1 default profile: "default"
2026-04-07 15:58:48.426 INFO  [restartedMain] o.s.b.d.e.DevToolsPropertyDefaultsPostProcessor - Devtools property defaults active! Set 'spring.devtools.add-properties' to 'false' to disable
2026-04-07 15:58:48.426 INFO  [restartedMain] o.s.b.d.e.DevToolsPropertyDefaultsPostProcessor - For additional web related logging consider setting the 'logging.level.web' property to 'DEBUG'
2026-04-07 15:58:48.511 INFO  [background-preinit] o.h.validator.internal.util.Version - HV000001: Hibernate Validator 9.0.1.Final
2026-04-07 15:58:48.647 INFO  [restartedMain] o.s.d.r.c.RepositoryConfigurationDelegate - Bootstrapping Spring Data JPA repositories in DEFAULT mode.
2026-04-07 15:58:48.663 INFO  [restartedMain] o.s.d.r.c.RepositoryConfigurationDelegate - Finished Spring Data repository scanning in 13 ms. Found 3 JPA repository interfaces.
2026-04-07 15:58:48.802 INFO  [restartedMain] o.s.boot.tomcat.TomcatWebServer - Tomcat initialized with port 4000 (http)
2026-04-07 15:58:48.806 INFO  [restartedMain] o.apache.coyote.http11.Http11NioProtocol - Initializing ProtocolHandler ["http-nio-4000"]
2026-04-07 15:58:48.806 INFO  [restartedMain] o.apache.catalina.core.StandardService - Starting service [Tomcat]
2026-04-07 15:58:48.806 INFO  [restartedMain] org.apache.catalina.core.StandardEngine - Starting Servlet engine: [Apache Tomcat/11.0.18]
2026-04-07 15:58:48.817 INFO  [restartedMain] o.s.b.w.c.s.WebApplicationContextInitializer - Root WebApplicationContext: initialization completed in 391 ms
2026-04-07 15:58:48.869 INFO  [restartedMain] org.hibernate.orm.jpa - HHH008540: Processing PersistenceUnitInfo [name: default]
2026-04-07 15:58:48.890 INFO  [restartedMain] org.hibernate.orm.core - HHH000001: Hibernate ORM core version 7.2.7.Final
2026-04-07 15:58:49.030 INFO  [restartedMain] o.s.o.j.p.SpringPersistenceUnitInfo - No LoadTimeWeaver setup: ignoring JPA class transformer
2026-04-07 15:58:49.040 INFO  [restartedMain] com.zaxxer.hikari.HikariDataSource - HikariPool-1 - Starting...
2026-04-07 15:58:49.094 INFO  [restartedMain] com.zaxxer.hikari.pool.HikariPool - HikariPool-1 - Added connection org.postgresql.jdbc.PgConnection@607e8901
2026-04-07 15:58:49.094 INFO  [restartedMain] com.zaxxer.hikari.HikariDataSource - HikariPool-1 - Start completed.
2026-04-07 15:58:49.114 INFO  [restartedMain] org.hibernate.orm.connections.pooling - HHH10001005: Database info:
	Database JDBC URL [jdbc:postgresql://localhost:5432/e-commerce]
	Database driver: PostgreSQL JDBC Driver
	Database dialect: PostgreSQLDialect
	Database version: 17.5
	Default catalog/schema: e-commerce/public
	Autocommit mode: undefined/unknown
	Isolation level: READ_COMMITTED [default READ_COMMITTED]
	JDBC fetch size: none
	Pool: DataSourceConnectionProvider
	Minimum pool size: undefined/unknown
	Maximum pool size: undefined/unknown
2026-04-07 15:58:49.451 INFO  [restartedMain] org.hibernate.orm.core - HHH000489: No JTA platform available (set 'hibernate.transaction.jta.platform' to enable JTA platform integration)
2026-04-07 15:58:49.488 INFO  [restartedMain] o.s.o.j.LocalContainerEntityManagerFactoryBean - Initialized JPA EntityManagerFactory for persistence unit 'default'
2026-04-07 15:58:49.517 INFO  [restartedMain] o.s.d.j.r.query.QueryEnhancerFactories - Hibernate is in classpath; If applicable, HQL parser will be used.
2026-04-07 15:58:50.078 INFO  [restartedMain] o.s.o.j.LocalContainerEntityManagerFactoryBean - Closing JPA EntityManagerFactory for persistence unit 'default'
2026-04-07 15:58:50.079 INFO  [restartedMain] com.zaxxer.hikari.HikariDataSource - HikariPool-1 - Shutdown initiated...
2026-04-07 15:58:50.080 INFO  [restartedMain] com.zaxxer.hikari.HikariDataSource - HikariPool-1 - Shutdown completed.
2026-04-07 15:58:50.081 INFO  [restartedMain] o.apache.catalina.core.StandardService - Stopping service [Tomcat]
2026-04-07 15:58:50.084 INFO  [restartedMain] o.s.b.a.l.ConditionEvaluationReportLogger - 

Error starting ApplicationContext. To display the condition evaluation report re-run your application with 'debug' enabled.
2026-04-07 16:00:29.865 INFO  [restartedMain] c.e.p.ProductServiceApplication - Starting ProductServiceApplication using Java 21.0.10 with PID 6882 (/Users/nikitasuryawanshi/Projects/Order and Inventory Management System/Ecommerce/Ecom_Backend/product-service/target/classes started by nikitasuryawanshi in /Users/nikitasuryawanshi/Projects/Order and Inventory Management System/Ecommerce/Ecom_Backend/product-service)
2026-04-07 16:00:29.867 INFO  [restartedMain] c.e.p.ProductServiceApplication - No active profile set, falling back to 1 default profile: "default"
2026-04-07 16:00:29.883 INFO  [restartedMain] o.s.b.d.e.DevToolsPropertyDefaultsPostProcessor - Devtools property defaults active! Set 'spring.devtools.add-properties' to 'false' to disable
2026-04-07 16:00:29.883 INFO  [restartedMain] o.s.b.d.e.DevToolsPropertyDefaultsPostProcessor - For additional web related logging consider setting the 'logging.level.web' property to 'DEBUG'
2026-04-07 16:00:29.986 INFO  [background-preinit] o.h.validator.internal.util.Version - HV000001: Hibernate Validator 9.0.1.Final
2026-04-07 16:00:30.153 INFO  [restartedMain] o.s.d.r.c.RepositoryConfigurationDelegate - Bootstrapping Spring Data JPA repositories in DEFAULT mode.
2026-04-07 16:00:30.169 INFO  [restartedMain] o.s.d.r.c.RepositoryConfigurationDelegate - Finished Spring Data repository scanning in 13 ms. Found 3 JPA repository interfaces.
2026-04-07 16:00:30.328 INFO  [restartedMain] o.s.boot.tomcat.TomcatWebServer - Tomcat initialized with port 4000 (http)
2026-04-07 16:00:30.333 INFO  [restartedMain] o.apache.coyote.http11.Http11NioProtocol - Initializing ProtocolHandler ["http-nio-4000"]
2026-04-07 16:00:30.334 INFO  [restartedMain] o.apache.catalina.core.StandardService - Starting service [Tomcat]
2026-04-07 16:00:30.334 INFO  [restartedMain] org.apache.catalina.core.StandardEngine - Starting Servlet engine: [Apache Tomcat/11.0.18]
2026-04-07 16:00:30.348 INFO  [restartedMain] o.s.b.w.c.s.WebApplicationContextInitializer - Root WebApplicationContext: initialization completed in 465 ms
2026-04-07 16:00:30.405 INFO  [restartedMain] org.hibernate.orm.jpa - HHH008540: Processing PersistenceUnitInfo [name: default]
2026-04-07 16:00:30.425 INFO  [restartedMain] org.hibernate.orm.core - HHH000001: Hibernate ORM core version 7.2.7.Final
2026-04-07 16:00:30.568 INFO  [restartedMain] o.s.o.j.p.SpringPersistenceUnitInfo - No LoadTimeWeaver setup: ignoring JPA class transformer
2026-04-07 16:00:30.578 INFO  [restartedMain] com.zaxxer.hikari.HikariDataSource - HikariPool-1 - Starting...
2026-04-07 16:00:30.630 INFO  [restartedMain] com.zaxxer.hikari.pool.HikariPool - HikariPool-1 - Added connection org.postgresql.jdbc.PgConnection@1d2b8597
2026-04-07 16:00:30.630 INFO  [restartedMain] com.zaxxer.hikari.HikariDataSource - HikariPool-1 - Start completed.
2026-04-07 16:00:30.650 INFO  [restartedMain] org.hibernate.orm.connections.pooling - HHH10001005: Database info:
	Database JDBC URL [jdbc:postgresql://localhost:5432/e-commerce]
	Database driver: PostgreSQL JDBC Driver
	Database dialect: PostgreSQLDialect
	Database version: 17.5
	Default catalog/schema: e-commerce/public
	Autocommit mode: undefined/unknown
	Isolation level: READ_COMMITTED [default READ_COMMITTED]
	JDBC fetch size: none
	Pool: DataSourceConnectionProvider
	Minimum pool size: undefined/unknown
	Maximum pool size: undefined/unknown
2026-04-07 16:00:30.988 INFO  [restartedMain] org.hibernate.orm.core - HHH000489: No JTA platform available (set 'hibernate.transaction.jta.platform' to enable JTA platform integration)
2026-04-07 16:00:31.030 INFO  [restartedMain] o.s.o.j.LocalContainerEntityManagerFactoryBean - Initialized JPA EntityManagerFactory for persistence unit 'default'
2026-04-07 16:00:31.061 INFO  [restartedMain] o.s.d.j.r.query.QueryEnhancerFactories - Hibernate is in classpath; If applicable, HQL parser will be used.
2026-04-07 16:00:31.746 INFO  [restartedMain] o.apache.coyote.http11.Http11NioProtocol - Starting ProtocolHandler ["http-nio-4000"]
2026-04-07 16:00:31.753 INFO  [restartedMain] o.s.boot.tomcat.TomcatWebServer - Tomcat started on port 4000 (http) with context path '/'
2026-04-07 16:00:31.756 INFO  [restartedMain] c.e.p.ProductServiceApplication - Started ProductServiceApplication in 2.065 seconds (process running for 2.244)
2026-04-07 16:00:31.757 INFO  [restartedMain] o.s.b.b.a.JobLauncherApplicationRunner - Running default command line with: []
2026-04-07 16:00:54.418 INFO  [http-nio-4000-exec-2] o.a.c.c.C.[Tomcat].[localhost].[/] - Initializing Spring DispatcherServlet 'dispatcherServlet'
2026-04-07 16:00:54.418 INFO  [http-nio-4000-exec-2] o.s.web.servlet.DispatcherServlet - Initializing Servlet 'dispatcherServlet'
2026-04-07 16:00:54.420 INFO  [http-nio-4000-exec-2] o.s.web.servlet.DispatcherServlet - Completed initialization in 2 ms
2026-04-07 16:01:00.465 INFO  [http-nio-4000-exec-3] c.e.productservice.service.ProductQuery - ProductDetailsDto(id=b2c3d4e5-0001-0001-0001-000000000001, productName=Wireless Earbuds Pro, categoryName=Earbuds, price=849.00, comparePrice=1299.00, availableStock=6, createdAt=2026-03-24T15:36:03.651004, status=ACTIVE, productImageUrl=https://example.com/products/earbuds-pro.jpg)
2026-04-07 16:01:00.467 INFO  [http-nio-4000-exec-3] c.e.productservice.service.ProductQuery - ProductDetailsDto(id=b2c3d4e5-0001-0001-0001-000000000002, productName=Mechanical Keyboard TKL, categoryName=Keyboards, price=8500.00, comparePrice=null, availableStock=4, createdAt=2026-03-24T15:36:03.651004, status=ACTIVE, productImageUrl=https://example.com/products/keyboard-tkl.jpg)
2026-04-07 16:01:00.467 INFO  [http-nio-4000-exec-3] c.e.productservice.service.ProductQuery - ProductDetailsDto(id=b2c3d4e5-0001-0001-0001-000000000003, productName=USB-C Hub 7-in-1, categoryName=Accessories, price=799.00, comparePrice=999.00, availableStock=20, createdAt=2026-03-24T15:36:03.651004, status=ACTIVE, productImageUrl=https://example.com/products/usb-c-hub.jpg)
2026-04-07 16:01:00.467 INFO  [http-nio-4000-exec-3] c.e.productservice.service.ProductQuery - ProductDetailsDto(id=b2c3d4e5-0001-0001-0001-000000000004, productName=Smart LED Desk Lamp, categoryName=Desk Lamps, price=600.00, comparePrice=850.00, availableStock=2, createdAt=2026-03-24T15:36:03.651004, status=ACTIVE, productImageUrl=https://example.com/products/desk-lamp.jpg)
2026-04-07 16:01:00.467 INFO  [http-nio-4000-exec-3] c.e.productservice.service.ProductQuery - ProductDetailsDto(id=b2c3d4e5-0001-0001-0001-000000000005, productName=Laptop Stand Aluminium, categoryName=Laptop Stands, price=699.00, comparePrice=null, availableStock=137, createdAt=2026-03-24T15:36:03.651004, status=ACTIVE, productImageUrl=https://example.com/products/laptop-stand.jpg)
2026-04-07 16:01:00.467 INFO  [http-nio-4000-exec-3] c.e.productservice.service.ProductQuery - ProductDetailsDto(id=b2c3d4e5-0001-0001-0001-000000000006, productName=Webcam 4K Pro, categoryName=Electronics, price=7000.00, comparePrice=null, availableStock=78, createdAt=2026-03-24T15:36:03.651004, status=ACTIVE, productImageUrl=https://example.com/products/webcam-4k.jpg)
2026-04-07 16:02:51.227 INFO  [SpringApplicationShutdownHook] o.s.boot.tomcat.GracefulShutdown - Commencing graceful shutdown. Waiting for active requests to complete
2026-04-07 16:02:51.229 INFO  [tomcat-shutdown] o.s.boot.tomcat.GracefulShutdown - Graceful shutdown complete
2026-04-07 16:02:51.231 INFO  [SpringApplicationShutdownHook] o.s.o.j.LocalContainerEntityManagerFactoryBean - Closing JPA EntityManagerFactory for persistence unit 'default'
2026-04-07 16:02:51.233 INFO  [SpringApplicationShutdownHook] com.zaxxer.hikari.HikariDataSource - HikariPool-1 - Shutdown initiated...
2026-04-07 16:02:51.233 INFO  [SpringApplicationShutdownHook] com.zaxxer.hikari.HikariDataSource - HikariPool-1 - Shutdown completed.
2026-04-07 16:05:02.653 INFO  [restartedMain] c.e.p.ProductServiceApplication - Starting ProductServiceApplication using Java 21.0.10 with PID 6976 (/Users/nikitasuryawanshi/Projects/Order and Inventory Management System/Ecommerce/Ecom_Backend/product-service/target/classes started by nikitasuryawanshi in /Users/nikitasuryawanshi/Projects/Order and Inventory Management System/Ecommerce/Ecom_Backend/product-service)
2026-04-07 16:05:02.654 INFO  [restartedMain] c.e.p.ProductServiceApplication - No active profile set, falling back to 1 default profile: "default"
2026-04-07 16:05:02.669 INFO  [restartedMain] o.s.b.d.e.DevToolsPropertyDefaultsPostProcessor - Devtools property defaults active! Set 'spring.devtools.add-properties' to 'false' to disable
2026-04-07 16:05:02.669 INFO  [restartedMain] o.s.b.d.e.DevToolsPropertyDefaultsPostProcessor - For additional web related logging consider setting the 'logging.level.web' property to 'DEBUG'
2026-04-07 16:05:02.772 INFO  [background-preinit] o.h.validator.internal.util.Version - HV000001: Hibernate Validator 9.0.1.Final
2026-04-07 16:05:02.921 INFO  [restartedMain] o.s.d.r.c.RepositoryConfigurationDelegate - Bootstrapping Spring Data JPA repositories in DEFAULT mode.
2026-04-07 16:05:02.942 INFO  [restartedMain] o.s.d.r.c.RepositoryConfigurationDelegate - Finished Spring Data repository scanning in 14 ms. Found 3 JPA repository interfaces.
2026-04-07 16:05:03.089 INFO  [restartedMain] o.s.boot.tomcat.TomcatWebServer - Tomcat initialized with port 4000 (http)
2026-04-07 16:05:03.093 INFO  [restartedMain] o.apache.coyote.http11.Http11NioProtocol - Initializing ProtocolHandler ["http-nio-4000"]
2026-04-07 16:05:03.094 INFO  [restartedMain] o.apache.catalina.core.StandardService - Starting service [Tomcat]
2026-04-07 16:05:03.094 INFO  [restartedMain] org.apache.catalina.core.StandardEngine - Starting Servlet engine: [Apache Tomcat/11.0.18]
2026-04-07 16:05:03.105 INFO  [restartedMain] o.s.b.w.c.s.WebApplicationContextInitializer - Root WebApplicationContext: initialization completed in 435 ms
2026-04-07 16:05:03.158 INFO  [restartedMain] org.hibernate.orm.jpa - HHH008540: Processing PersistenceUnitInfo [name: default]
2026-04-07 16:05:03.177 INFO  [restartedMain] org.hibernate.orm.core - HHH000001: Hibernate ORM core version 7.2.7.Final
2026-04-07 16:05:03.319 INFO  [restartedMain] o.s.o.j.p.SpringPersistenceUnitInfo - No LoadTimeWeaver setup: ignoring JPA class transformer
2026-04-07 16:05:03.329 INFO  [restartedMain] com.zaxxer.hikari.HikariDataSource - HikariPool-1 - Starting...
2026-04-07 16:05:03.381 INFO  [restartedMain] com.zaxxer.hikari.pool.HikariPool - HikariPool-1 - Added connection org.postgresql.jdbc.PgConnection@7d2d610b
2026-04-07 16:05:03.382 INFO  [restartedMain] com.zaxxer.hikari.HikariDataSource - HikariPool-1 - Start completed.
2026-04-07 16:05:03.402 INFO  [restartedMain] org.hibernate.orm.connections.pooling - HHH10001005: Database info:
	Database JDBC URL [jdbc:postgresql://localhost:5432/e-commerce]
	Database driver: PostgreSQL JDBC Driver
	Database dialect: PostgreSQLDialect
	Database version: 17.5
	Default catalog/schema: e-commerce/public
	Autocommit mode: undefined/unknown
	Isolation level: READ_COMMITTED [default READ_COMMITTED]
	JDBC fetch size: none
	Pool: DataSourceConnectionProvider
	Minimum pool size: undefined/unknown
	Maximum pool size: undefined/unknown
2026-04-07 16:05:03.728 INFO  [restartedMain] org.hibernate.orm.core - HHH000489: No JTA platform available (set 'hibernate.transaction.jta.platform' to enable JTA platform integration)
2026-04-07 16:05:03.772 INFO  [restartedMain] o.s.o.j.LocalContainerEntityManagerFactoryBean - Initialized JPA EntityManagerFactory for persistence unit 'default'
2026-04-07 16:05:03.802 INFO  [restartedMain] o.s.d.j.r.query.QueryEnhancerFactories - Hibernate is in classpath; If applicable, HQL parser will be used.
2026-04-07 16:05:04.487 INFO  [restartedMain] o.apache.coyote.http11.Http11NioProtocol - Starting ProtocolHandler ["http-nio-4000"]
2026-04-07 16:05:04.493 INFO  [restartedMain] o.s.boot.tomcat.TomcatWebServer - Tomcat started on port 4000 (http) with context path '/'
2026-04-07 16:05:04.496 INFO  [restartedMain] c.e.p.ProductServiceApplication - Started ProductServiceApplication in 2.018 seconds (process running for 2.196)
2026-04-07 16:05:04.497 INFO  [restartedMain] o.s.b.b.a.JobLauncherApplicationRunner - Running default command line with: []
2026-04-07 16:05:08.827 INFO  [http-nio-4000-exec-1] o.a.c.c.C.[Tomcat].[localhost].[/] - Initializing Spring DispatcherServlet 'dispatcherServlet'
2026-04-07 16:05:08.827 INFO  [http-nio-4000-exec-1] o.s.web.servlet.DispatcherServlet - Initializing Servlet 'dispatcherServlet'
2026-04-07 16:05:08.828 INFO  [http-nio-4000-exec-1] o.s.web.servlet.DispatcherServlet - Completed initialization in 1 ms
2026-04-07 16:05:08.881 INFO  [http-nio-4000-exec-1] c.e.productservice.service.ProductQuery - ProductDetailsDto(id=b2c3d4e5-0001-0001-0001-000000000001, productName=Wireless Earbuds Pro, categoryName=Earbuds, price=849.00, comparePrice=1299.00, availableStock=6, createdAt=2026-03-24T15:36:03.651004, status=ACTIVE, productImageUrl=https://example.com/products/earbuds-pro.jpg)
2026-04-07 16:05:08.882 INFO  [http-nio-4000-exec-1] c.e.productservice.service.ProductQuery - ProductDetailsDto(id=b2c3d4e5-0001-0001-0001-000000000002, productName=Mechanical Keyboard TKL, categoryName=Keyboards, price=8500.00, comparePrice=null, availableStock=4, createdAt=2026-03-24T15:36:03.651004, status=ACTIVE, productImageUrl=https://example.com/products/keyboard-tkl.jpg)
2026-04-07 16:05:08.882 INFO  [http-nio-4000-exec-1] c.e.productservice.service.ProductQuery - ProductDetailsDto(id=b2c3d4e5-0001-0001-0001-000000000003, productName=USB-C Hub 7-in-1, categoryName=Accessories, price=799.00, comparePrice=999.00, availableStock=20, createdAt=2026-03-24T15:36:03.651004, status=ACTIVE, productImageUrl=https://example.com/products/usb-c-hub.jpg)
2026-04-07 16:05:08.882 INFO  [http-nio-4000-exec-1] c.e.productservice.service.ProductQuery - ProductDetailsDto(id=b2c3d4e5-0001-0001-0001-000000000004, productName=Smart LED Desk Lamp, categoryName=Desk Lamps, price=600.00, comparePrice=850.00, availableStock=2, createdAt=2026-03-24T15:36:03.651004, status=ACTIVE, productImageUrl=https://example.com/products/desk-lamp.jpg)
2026-04-07 16:05:08.882 INFO  [http-nio-4000-exec-1] c.e.productservice.service.ProductQuery - ProductDetailsDto(id=b2c3d4e5-0001-0001-0001-000000000005, productName=Laptop Stand Aluminium, categoryName=Laptop Stands, price=699.00, comparePrice=null, availableStock=137, createdAt=2026-03-24T15:36:03.651004, status=ACTIVE, productImageUrl=https://example.com/products/laptop-stand.jpg)
2026-04-07 16:05:08.882 INFO  [http-nio-4000-exec-1] c.e.productservice.service.ProductQuery - ProductDetailsDto(id=b2c3d4e5-0001-0001-0001-000000000006, productName=Webcam 4K Pro, categoryName=Electronics, price=7000.00, comparePrice=null, availableStock=78, createdAt=2026-03-24T15:36:03.651004, status=ACTIVE, productImageUrl=https://example.com/products/webcam-4k.jpg)
2026-04-07 16:07:11.931 INFO  [SpringApplicationShutdownHook] o.s.boot.tomcat.GracefulShutdown - Commencing graceful shutdown. Waiting for active requests to complete
2026-04-07 16:07:11.934 INFO  [tomcat-shutdown] o.s.boot.tomcat.GracefulShutdown - Graceful shutdown complete
2026-04-07 16:07:11.936 INFO  [SpringApplicationShutdownHook] o.s.o.j.LocalContainerEntityManagerFactoryBean - Closing JPA EntityManagerFactory for persistence unit 'default'
2026-04-07 16:07:11.938 INFO  [SpringApplicationShutdownHook] com.zaxxer.hikari.HikariDataSource - HikariPool-1 - Shutdown initiated...
2026-04-07 16:07:11.938 INFO  [SpringApplicationShutdownHook] com.zaxxer.hikari.HikariDataSource - HikariPool-1 - Shutdown completed.
2026-04-07 16:23:50.056 INFO  [restartedMain] c.e.p.ProductServiceApplication - Starting ProductServiceApplication using Java 21.0.10 with PID 7220 (/Users/nikitasuryawanshi/Projects/Order and Inventory Management System/Ecommerce/Ecom_Backend/product-service/target/classes started by nikitasuryawanshi in /Users/nikitasuryawanshi/Projects/Order and Inventory Management System/Ecommerce/Ecom_Backend/product-service)
2026-04-07 16:23:50.058 INFO  [restartedMain] c.e.p.ProductServiceApplication - No active profile set, falling back to 1 default profile: "default"
2026-04-07 16:23:50.073 INFO  [restartedMain] o.s.b.d.e.DevToolsPropertyDefaultsPostProcessor - Devtools property defaults active! Set 'spring.devtools.add-properties' to 'false' to disable
2026-04-07 16:23:50.073 INFO  [restartedMain] o.s.b.d.e.DevToolsPropertyDefaultsPostProcessor - For additional web related logging consider setting the 'logging.level.web' property to 'DEBUG'
2026-04-07 16:23:50.178 INFO  [background-preinit] o.h.validator.internal.util.Version - HV000001: Hibernate Validator 9.0.1.Final
2026-04-07 16:23:50.327 INFO  [restartedMain] o.s.d.r.c.RepositoryConfigurationDelegate - Bootstrapping Spring Data JPA repositories in DEFAULT mode.
2026-04-07 16:23:50.344 INFO  [restartedMain] o.s.d.r.c.RepositoryConfigurationDelegate - Finished Spring Data repository scanning in 14 ms. Found 3 JPA repository interfaces.
2026-04-07 16:23:50.493 INFO  [restartedMain] o.s.boot.tomcat.TomcatWebServer - Tomcat initialized with port 4000 (http)
2026-04-07 16:23:50.497 INFO  [restartedMain] o.apache.coyote.http11.Http11NioProtocol - Initializing ProtocolHandler ["http-nio-4000"]
2026-04-07 16:23:50.498 INFO  [restartedMain] o.apache.catalina.core.StandardService - Starting service [Tomcat]
2026-04-07 16:23:50.498 INFO  [restartedMain] org.apache.catalina.core.StandardEngine - Starting Servlet engine: [Apache Tomcat/11.0.18]
2026-04-07 16:23:50.510 INFO  [restartedMain] o.s.b.w.c.s.WebApplicationContextInitializer - Root WebApplicationContext: initialization completed in 437 ms
2026-04-07 16:23:50.566 INFO  [restartedMain] org.hibernate.orm.jpa - HHH008540: Processing PersistenceUnitInfo [name: default]
2026-04-07 16:23:50.586 INFO  [restartedMain] org.hibernate.orm.core - HHH000001: Hibernate ORM core version 7.2.7.Final
2026-04-07 16:23:50.727 INFO  [restartedMain] o.s.o.j.p.SpringPersistenceUnitInfo - No LoadTimeWeaver setup: ignoring JPA class transformer
2026-04-07 16:23:50.738 INFO  [restartedMain] com.zaxxer.hikari.HikariDataSource - HikariPool-1 - Starting...
2026-04-07 16:23:50.790 INFO  [restartedMain] com.zaxxer.hikari.pool.HikariPool - HikariPool-1 - Added connection org.postgresql.jdbc.PgConnection@609807c6
2026-04-07 16:23:50.791 INFO  [restartedMain] com.zaxxer.hikari.HikariDataSource - HikariPool-1 - Start completed.
2026-04-07 16:23:50.811 INFO  [restartedMain] org.hibernate.orm.connections.pooling - HHH10001005: Database info:
	Database JDBC URL [jdbc:postgresql://localhost:5432/e-commerce]
	Database driver: PostgreSQL JDBC Driver
	Database dialect: PostgreSQLDialect
	Database version: 17.5
	Default catalog/schema: e-commerce/public
	Autocommit mode: undefined/unknown
	Isolation level: READ_COMMITTED [default READ_COMMITTED]
	JDBC fetch size: none
	Pool: DataSourceConnectionProvider
	Minimum pool size: undefined/unknown
	Maximum pool size: undefined/unknown
2026-04-07 16:23:51.141 INFO  [restartedMain] org.hibernate.orm.core - HHH000489: No JTA platform available (set 'hibernate.transaction.jta.platform' to enable JTA platform integration)
2026-04-07 16:23:51.188 INFO  [restartedMain] o.s.o.j.LocalContainerEntityManagerFactoryBean - Initialized JPA EntityManagerFactory for persistence unit 'default'
2026-04-07 16:23:51.216 INFO  [restartedMain] o.s.d.j.r.query.QueryEnhancerFactories - Hibernate is in classpath; If applicable, HQL parser will be used.
2026-04-07 16:23:51.902 INFO  [restartedMain] o.apache.coyote.http11.Http11NioProtocol - Starting ProtocolHandler ["http-nio-4000"]
2026-04-07 16:23:51.909 INFO  [restartedMain] o.s.boot.tomcat.TomcatWebServer - Tomcat started on port 4000 (http) with context path '/'
2026-04-07 16:23:51.911 INFO  [restartedMain] c.e.p.ProductServiceApplication - Started ProductServiceApplication in 2.037 seconds (process running for 2.222)
2026-04-07 16:23:51.912 INFO  [restartedMain] o.s.b.b.a.JobLauncherApplicationRunner - Running default command line with: []
2026-04-07 16:24:02.802 INFO  [http-nio-4000-exec-2] o.a.c.c.C.[Tomcat].[localhost].[/] - Initializing Spring DispatcherServlet 'dispatcherServlet'
2026-04-07 16:24:02.802 INFO  [http-nio-4000-exec-2] o.s.web.servlet.DispatcherServlet - Initializing Servlet 'dispatcherServlet'
2026-04-07 16:24:02.803 INFO  [http-nio-4000-exec-2] o.s.web.servlet.DispatcherServlet - Completed initialization in 1 ms
2026-04-07 16:24:02.868 INFO  [http-nio-4000-exec-2] c.e.productservice.service.ProductQuery - ProductDetailsDto(id=b2c3d4e5-0001-0001-0001-000000000001, productName=Wireless Earbuds Pro, categoryName=Earbuds, price=849.00, comparePrice=1299.00, availableStock=6, createdAt=2026-03-24T15:36:03.651004, status=ACTIVE, productImageUrl=https://example.com/products/earbuds-pro.jpg)
2026-04-07 16:24:02.869 INFO  [http-nio-4000-exec-2] c.e.productservice.service.ProductQuery - ProductDetailsDto(id=b2c3d4e5-0001-0001-0001-000000000002, productName=Mechanical Keyboard TKL, categoryName=Keyboards, price=8500.00, comparePrice=null, availableStock=4, createdAt=2026-03-24T15:36:03.651004, status=ACTIVE, productImageUrl=https://example.com/products/keyboard-tkl.jpg)
2026-04-07 16:24:02.869 INFO  [http-nio-4000-exec-2] c.e.productservice.service.ProductQuery - ProductDetailsDto(id=b2c3d4e5-0001-0001-0001-000000000003, productName=USB-C Hub 7-in-1, categoryName=Accessories, price=799.00, comparePrice=999.00, availableStock=20, createdAt=2026-03-24T15:36:03.651004, status=ACTIVE, productImageUrl=https://example.com/products/usb-c-hub.jpg)
2026-04-07 16:24:02.869 INFO  [http-nio-4000-exec-2] c.e.productservice.service.ProductQuery - ProductDetailsDto(id=b2c3d4e5-0001-0001-0001-000000000004, productName=Smart LED Desk Lamp, categoryName=Desk Lamps, price=600.00, comparePrice=850.00, availableStock=2, createdAt=2026-03-24T15:36:03.651004, status=ACTIVE, productImageUrl=https://example.com/products/desk-lamp.jpg)
2026-04-07 16:24:02.869 INFO  [http-nio-4000-exec-2] c.e.productservice.service.ProductQuery - ProductDetailsDto(id=b2c3d4e5-0001-0001-0001-000000000005, productName=Laptop Stand Aluminium, categoryName=Laptop Stands, price=699.00, comparePrice=null, availableStock=137, createdAt=2026-03-24T15:36:03.651004, status=ACTIVE, productImageUrl=https://example.com/products/laptop-stand.jpg)
2026-04-07 16:24:02.869 INFO  [http-nio-4000-exec-2] c.e.productservice.service.ProductQuery - ProductDetailsDto(id=b2c3d4e5-0001-0001-0001-000000000006, productName=Webcam 4K Pro, categoryName=Electronics, price=7000.00, comparePrice=null, availableStock=78, createdAt=2026-03-24T15:36:03.651004, status=ACTIVE, productImageUrl=https://example.com/products/webcam-4k.jpg)
2026-04-07 16:24:45.297 INFO  [SpringApplicationShutdownHook] o.s.boot.tomcat.GracefulShutdown - Commencing graceful shutdown. Waiting for active requests to complete
2026-04-07 16:24:45.299 INFO  [tomcat-shutdown] o.s.boot.tomcat.GracefulShutdown - Graceful shutdown complete
2026-04-07 16:24:45.302 INFO  [SpringApplicationShutdownHook] o.s.o.j.LocalContainerEntityManagerFactoryBean - Closing JPA EntityManagerFactory for persistence unit 'default'
2026-04-07 16:24:45.304 INFO  [SpringApplicationShutdownHook] com.zaxxer.hikari.HikariDataSource - HikariPool-1 - Shutdown initiated...
2026-04-07 16:24:45.305 INFO  [SpringApplicationShutdownHook] com.zaxxer.hikari.HikariDataSource - HikariPool-1 - Shutdown completed.
